{"numFailedTestSuites":1,"numFailedTests":12,"numPassedTestSuites":6,"numPassedTests":74,"numPendingTestSuites":2,"numPendingTests":32,"numRuntimeErrorTestSuites":0,"numTodoTests":0,"numTotalTestSuites":9,"numTotalTests":118,"openHandles":[],"snapshot":{"added":0,"didUpdate":false,"failure":false,"filesAdded":0,"filesRemoved":0,"filesRemovedList":[],"filesUnmatched":0,"filesUpdated":0,"matched":0,"total":0,"unchecked":0,"uncheckedKeysByFile":[],"unmatched":0,"updated":0},"startTime":1763301858866,"success":false,"testResults":[{"assertionResults":[{"ancestorTitles":["useDebounce"],"duration":15,"failing":false,"failureDetails":[],"failureMessages":[],"fullName":"useDebounce should debounce callback execution","invocations":1,"location":null,"numPassingAsserts":3,"retryReasons":[],"startAt":1763301860349,"status":"passed","title":"should debounce callback execution"},{"ancestorTitles":["useDebounce"],"duration":2,"failing":false,"failureDetails":[],"failureMessages":[],"fullName":"useDebounce should cancel previous timeout when called multiple times","invocations":1,"location":null,"numPassingAsserts":3,"retryReasons":[],"startAt":1763301860364,"status":"passed","title":"should cancel previous timeout when called multiple times"},{"ancestorTitles":["useDebounce"],"duration":2,"failing":false,"failureDetails":[],"failureMessages":[],"fullName":"useDebounce should maintain callback reference","invocations":1,"location":null,"numPassingAsserts":2,"retryReasons":[],"startAt":1763301860366,"status":"passed","title":"should maintain callback reference"},{"ancestorTitles":["useDebounce"],"duration":2,"failing":false,"failureDetails":[],"failureMessages":[],"fullName":"useDebounce should handle different delay values","invocations":1,"location":null,"numPassingAsserts":4,"retryReasons":[],"startAt":1763301860368,"status":"passed","title":"should handle different delay values"},{"ancestorTitles":["useDebouncedValue"],"duration":6,"failing":false,"failureDetails":[],"failureMessages":[],"fullName":"useDebouncedValue should return debounced value","invocations":1,"location":null,"numPassingAsserts":3,"retryReasons":[],"startAt":1763301860370,"status":"passed","title":"should return debounced value"},{"ancestorTitles":["useDebouncedValue"],"duration":3,"failing":false,"failureDetails":[],"failureMessages":[],"fullName":"useDebouncedValue should handle multiple value changes","invocations":1,"location":null,"numPassingAsserts":3,"retryReasons":[],"startAt":1763301860378,"status":"passed","title":"should handle multiple value changes"},{"ancestorTitles":["useDebouncedValue"],"duration":1,"failing":false,"failureDetails":[],"failureMessages":[],"fullName":"useDebouncedValue should reset timeout when delay changes","invocations":1,"location":null,"numPassingAsserts":1,"retryReasons":[],"startAt":1763301860381,"status":"passed","title":"should reset timeout when delay changes"},{"ancestorTitles":["useDebouncedValue"],"duration":1,"failing":false,"failureDetails":[],"failureMessages":[],"fullName":"useDebouncedValue should handle different value types","invocations":1,"location":null,"numPassingAsserts":5,"retryReasons":[],"startAt":1763301860382,"status":"passed","title":"should handle different value types"}],"endTime":1763301860384,"message":"","name":"/Users/domi/Documents/code/Github/CashUp/CashUp_v2/frontend/src/hooks/__tests__/useDebounce.test.ts","startTime":1763301859691,"status":"passed","summary":""},{"assertionResults":[{"ancestorTitles":["DataCache","Basic Operations"],"duration":3,"failing":false,"failureDetails":[],"failureMessages":[],"fullName":"DataCache Basic Operations should set and get data","invocations":1,"location":null,"numPassingAsserts":1,"retryReasons":[],"startAt":1763301860398,"status":"passed","title":"should set and get data"},{"ancestorTitles":["DataCache","Basic Operations"],"duration":0,"failing":false,"failureDetails":[],"failureMessages":[],"fullName":"DataCache Basic Operations should return null for non-existent key","invocations":1,"location":null,"numPassingAsserts":1,"retryReasons":[],"startAt":1763301860401,"status":"passed","title":"should return null for non-existent key"},{"ancestorTitles":["DataCache","Basic Operations"],"duration":1,"failing":false,"failureDetails":[],"failureMessages":[],"fullName":"DataCache Basic Operations should delete data","invocations":1,"location":null,"numPassingAsserts":1,"retryReasons":[],"startAt":1763301860401,"status":"passed","title":"should delete data"},{"ancestorTitles":["DataCache","Basic Operations"],"duration":0,"failing":false,"failureDetails":[],"failureMessages":[],"fullName":"DataCache Basic Operations should clear all data","invocations":1,"location":null,"numPassingAsserts":2,"retryReasons":[],"startAt":1763301860402,"status":"passed","title":"should clear all data"},{"ancestorTitles":["DataCache","TTL Functionality"],"duration":1,"failing":false,"failureDetails":[],"failureMessages":[],"fullName":"DataCache TTL Functionality should expire data after TTL","invocations":1,"location":null,"numPassingAsserts":2,"retryReasons":[],"startAt":1763301860402,"status":"passed","title":"should expire data after TTL"},{"ancestorTitles":["DataCache","TTL Functionality"],"duration":0,"failing":false,"failureDetails":[],"failureMessages":[],"fullName":"DataCache TTL Functionality should not expire data if TTL is not set","invocations":1,"location":null,"numPassingAsserts":1,"retryReasons":[],"startAt":1763301860403,"status":"passed","title":"should not expire data if TTL is not set"},{"ancestorTitles":["DataCache","Key Generation"],"duration":2,"failing":false,"failureDetails":[],"failureMessages":[],"fullName":"DataCache Key Generation should generate correct cache keys","invocations":1,"location":null,"numPassingAsserts":4,"retryReasons":[],"startAt":1763301860403,"status":"passed","title":"should generate correct cache keys"},{"ancestorTitles":["DataCache","fetchWithCache"],"duration":1,"failing":false,"failureDetails":[],"failureMessages":[],"fullName":"DataCache fetchWithCache should fetch data from API when not in cache","invocations":1,"location":null,"numPassingAsserts":2,"retryReasons":[],"startAt":1763301860405,"status":"passed","title":"should fetch data from API when not in cache"},{"ancestorTitles":["DataCache","fetchWithCache"],"duration":1,"failing":false,"failureDetails":[],"failureMessages":[],"fullName":"DataCache fetchWithCache should return cached data when available","invocations":1,"location":null,"numPassingAsserts":2,"retryReasons":[],"startAt":1763301860406,"status":"passed","title":"should return cached data when available"},{"ancestorTitles":["DataCache","fetchWithCache"],"duration":0,"failing":false,"failureDetails":[],"failureMessages":[],"fullName":"DataCache fetchWithCache should call API with custom TTL","invocations":1,"location":null,"numPassingAsserts":1,"retryReasons":[],"startAt":1763301860407,"status":"passed","title":"should call API with custom TTL"},{"ancestorTitles":["DataCache","batchFetch"],"duration":0,"failing":false,"failureDetails":[],"failureMessages":[],"fullName":"DataCache batchFetch should fetch multiple requests with caching","invocations":1,"location":null,"numPassingAsserts":4,"retryReasons":[],"startAt":1763301860407,"status":"passed","title":"should fetch multiple requests with caching"},{"ancestorTitles":["DataCache","preload"],"duration":0,"failing":false,"failureDetails":[],"failureMessages":[],"fullName":"DataCache preload should preload multiple endpoints","invocations":1,"location":null,"numPassingAsserts":4,"retryReasons":[],"startAt":1763301860408,"status":"passed","title":"should preload multiple endpoints"},{"ancestorTitles":["useCache Hook"],"duration":0,"failing":false,"failureDetails":[],"failureMessages":[],"fullName":"useCache Hook should provide cache operations","invocations":1,"location":null,"numPassingAsserts":2,"retryReasons":[],"startAt":1763301860408,"status":"passed","title":"should provide cache operations"},{"ancestorTitles":["useCache Hook"],"duration":0,"failing":false,"failureDetails":[],"failureMessages":[],"fullName":"useCache Hook should handle TTL in hook","invocations":1,"location":null,"numPassingAsserts":1,"retryReasons":[],"startAt":1763301860408,"status":"passed","title":"should handle TTL in hook"}],"endTime":1763301860409,"message":"","name":"/Users/domi/Documents/code/Github/CashUp/CashUp_v2/frontend/src/utils/__tests__/cache.test.ts","startTime":1763301859691,"status":"passed","summary":""},{"assertionResults":[{"ancestorTitles":["API Endpoints Integration Tests","Authentication API"],"duration":14,"failing":false,"failureDetails":[],"failureMessages":[],"fullName":"API Endpoints Integration Tests Authentication API should login successfully","invocations":1,"location":null,"numPassingAsserts":1,"retryReasons":[],"startAt":1763301860522,"status":"passed","title":"should login successfully"},{"ancestorTitles":["API Endpoints Integration Tests","Authentication API"],"duration":13,"failing":false,"failureDetails":[],"failureMessages":[],"fullName":"API Endpoints Integration Tests Authentication API should handle login failure","invocations":1,"location":null,"numPassingAsserts":1,"retryReasons":[],"startAt":1763301860536,"status":"passed","title":"should handle login failure"},{"ancestorTitles":["API Endpoints Integration Tests","Authentication API"],"duration":2,"failing":false,"failureDetails":[],"failureMessages":[],"fullName":"API Endpoints Integration Tests Authentication API should register new user","invocations":1,"location":null,"numPassingAsserts":1,"retryReasons":[],"startAt":1763301860549,"status":"passed","title":"should register new user"},{"ancestorTitles":["API Endpoints Integration Tests","Trading API"],"duration":2,"failing":false,"failureDetails":[],"failureMessages":[],"fullName":"API Endpoints Integration Tests Trading API should fetch account balances","invocations":1,"location":null,"numPassingAsserts":2,"retryReasons":[],"startAt":1763301860551,"status":"passed","title":"should fetch account balances"},{"ancestorTitles":["API Endpoints Integration Tests","Trading API"],"duration":7,"failing":false,"failureDetails":[],"failureMessages":[],"fullName":"API Endpoints Integration Tests Trading API should place order","invocations":1,"location":null,"numPassingAsserts":2,"retryReasons":[],"startAt":1763301860553,"status":"passed","title":"should place order"},{"ancestorTitles":["API Endpoints Integration Tests","Trading API"],"duration":1,"failing":false,"failureDetails":[],"failureMessages":[],"fullName":"API Endpoints Integration Tests Trading API should cancel order","invocations":1,"location":null,"numPassingAsserts":2,"retryReasons":[],"startAt":1763301860560,"status":"passed","title":"should cancel order"},{"ancestorTitles":["API Endpoints Integration Tests","Trading API"],"duration":2,"failing":false,"failureDetails":[],"failureMessages":[],"fullName":"API Endpoints Integration Tests Trading API should fetch positions","invocations":1,"location":null,"numPassingAsserts":2,"retryReasons":[],"startAt":1763301860561,"status":"passed","title":"should fetch positions"},{"ancestorTitles":["API Endpoints Integration Tests","Trading API"],"duration":2,"failing":false,"failureDetails":[],"failureMessages":[],"fullName":"API Endpoints Integration Tests Trading API should close position","invocations":1,"location":null,"numPassingAsserts":2,"retryReasons":[],"startAt":1763301860564,"status":"passed","title":"should close position"},{"ancestorTitles":["API Endpoints Integration Tests","Strategy API"],"duration":3,"failing":false,"failureDetails":[],"failureMessages":[],"fullName":"API Endpoints Integration Tests Strategy API should fetch strategies","invocations":1,"location":null,"numPassingAsserts":2,"retryReasons":[],"startAt":1763301860567,"status":"passed","title":"should fetch strategies"},{"ancestorTitles":["API Endpoints Integration Tests","Strategy API"],"duration":1,"failing":false,"failureDetails":[],"failureMessages":[],"fullName":"API Endpoints Integration Tests Strategy API should create strategy","invocations":1,"location":null,"numPassingAsserts":2,"retryReasons":[],"startAt":1763301860570,"status":"passed","title":"should create strategy"},{"ancestorTitles":["API Endpoints Integration Tests","Strategy API"],"duration":1,"failing":false,"failureDetails":[],"failureMessages":[],"fullName":"API Endpoints Integration Tests Strategy API should start strategy","invocations":1,"location":null,"numPassingAsserts":2,"retryReasons":[],"startAt":1763301860571,"status":"passed","title":"should start strategy"},{"ancestorTitles":["API Endpoints Integration Tests","Strategy API"],"duration":2,"failing":false,"failureDetails":[],"failureMessages":[],"fullName":"API Endpoints Integration Tests Strategy API should stop strategy","invocations":1,"location":null,"numPassingAsserts":2,"retryReasons":[],"startAt":1763301860572,"status":"passed","title":"should stop strategy"},{"ancestorTitles":["API Endpoints Integration Tests","Strategy API"],"duration":1,"failing":false,"failureDetails":[],"failureMessages":[],"fullName":"API Endpoints Integration Tests Strategy API should fetch backtests","invocations":1,"location":null,"numPassingAsserts":2,"retryReasons":[],"startAt":1763301860575,"status":"passed","title":"should fetch backtests"},{"ancestorTitles":["API Endpoints Integration Tests","Strategy API"],"duration":1,"failing":false,"failureDetails":[],"failureMessages":[],"fullName":"API Endpoints Integration Tests Strategy API should create backtest","invocations":1,"location":null,"numPassingAsserts":2,"retryReasons":[],"startAt":1763301860576,"status":"passed","title":"should create backtest"},{"ancestorTitles":["API Endpoints Integration Tests","Market Data API"],"duration":4,"failing":false,"failureDetails":[],"failureMessages":[],"fullName":"API Endpoints Integration Tests Market Data API should fetch real-time data","invocations":1,"location":null,"numPassingAsserts":2,"retryReasons":[],"startAt":1763301860577,"status":"passed","title":"should fetch real-time data"},{"ancestorTitles":["API Endpoints Integration Tests","Market Data API"],"duration":1,"failing":false,"failureDetails":[],"failureMessages":[],"fullName":"API Endpoints Integration Tests Market Data API should fetch multiple symbols data","invocations":1,"location":null,"numPassingAsserts":2,"retryReasons":[],"startAt":1763301860581,"status":"passed","title":"should fetch multiple symbols data"},{"ancestorTitles":["API Endpoints Integration Tests","Market Data API"],"duration":0,"failing":false,"failureDetails":[],"failureMessages":[],"fullName":"API Endpoints Integration Tests Market Data API should fetch historical data","invocations":1,"location":null,"numPassingAsserts":2,"retryReasons":[],"startAt":1763301860583,"status":"passed","title":"should fetch historical data"},{"ancestorTitles":["API Endpoints Integration Tests","Error Handling"],"duration":1,"failing":false,"failureDetails":[],"failureMessages":[],"fullName":"API Endpoints Integration Tests Error Handling should handle 401 errors","invocations":1,"location":null,"numPassingAsserts":1,"retryReasons":[],"startAt":1763301860584,"status":"passed","title":"should handle 401 errors"},{"ancestorTitles":["API Endpoints Integration Tests","Error Handling"],"duration":0,"failing":false,"failureDetails":[],"failureMessages":[],"fullName":"API Endpoints Integration Tests Error Handling should handle 429 rate limit errors","invocations":1,"location":null,"numPassingAsserts":2,"retryReasons":[],"startAt":1763301860585,"status":"passed","title":"should handle 429 rate limit errors"},{"ancestorTitles":["API Endpoints Integration Tests","Error Handling"],"duration":2,"failing":false,"failureDetails":[],"failureMessages":[],"fullName":"API Endpoints Integration Tests Error Handling should handle 500 server errors","invocations":1,"location":null,"numPassingAsserts":2,"retryReasons":[],"startAt":1763301860585,"status":"passed","title":"should handle 500 server errors"},{"ancestorTitles":["API Endpoints Integration Tests","Error Handling"],"duration":4,"failing":false,"failureDetails":[],"failureMessages":[],"fullName":"API Endpoints Integration Tests Error Handling should handle network errors","invocations":1,"location":null,"numPassingAsserts":2,"retryReasons":[],"startAt":1763301860587,"status":"passed","title":"should handle network errors"},{"ancestorTitles":["API Endpoints Integration Tests","Request Retry"],"duration":1,"failing":false,"failureDetails":[],"failureMessages":[],"fullName":"API Endpoints Integration Tests Request Retry should retry failed requests","invocations":1,"location":null,"numPassingAsserts":2,"retryReasons":[],"startAt":1763301860591,"status":"passed","title":"should retry failed requests"},{"ancestorTitles":["API Endpoints Integration Tests","Request Retry"],"duration":0,"failing":false,"failureDetails":[],"failureMessages":[],"fullName":"API Endpoints Integration Tests Request Retry should not retry non-retryable errors","invocations":1,"location":null,"numPassingAsserts":2,"retryReasons":[],"startAt":1763301860593,"status":"passed","title":"should not retry non-retryable errors"}],"endTime":1763301860595,"message":"","name":"/Users/domi/Documents/code/Github/CashUp/CashUp_v2/frontend/src/__tests__/api-endpoints.test.ts","startTime":1763301859692,"status":"passed","summary":""},{"assertionResults":[{"ancestorTitles":["API Service","Request Interceptor"],"duration":3,"failing":false,"failureDetails":[{}],"failureMessages":["Error: \u001b[2mexpect(\u001b[22m\u001b[31mreceived\u001b[39m\u001b[2m).\u001b[22mtoHaveBeenCalledWith\u001b[2m(\u001b[22m\u001b[32m...expected\u001b[39m\u001b[2m)\u001b[22m\n\n\u001b[1mMatcher error\u001b[22m: \u001b[31mreceived\u001b[39m value must be a mock or spy function\n\nReceived has type:  function\nReceived has value: \u001b[31m[Function getItem]\u001b[39m\n    at Object.<anonymous> (/Users/domi/Documents/code/Github/CashUp/CashUp_v2/frontend/src/services/__tests__/api.test.ts:48:36)\n    at Promise.finally.completed (/Users/domi/Documents/code/Github/CashUp/CashUp_v2/frontend/node_modules/jest-circus/build/jestAdapterInit.js:1556:28)\n    at new Promise (<anonymous>)\n    at callAsyncCircusFn (/Users/domi/Documents/code/Github/CashUp/CashUp_v2/frontend/node_modules/jest-circus/build/jestAdapterInit.js:1496:10)\n    at _callCircusTest (/Users/domi/Documents/code/Github/CashUp/CashUp_v2/frontend/node_modules/jest-circus/build/jestAdapterInit.js:1006:40)\n    at processTicksAndRejections (node:internal/process/task_queues:105:5)\n    at _runTest (/Users/domi/Documents/code/Github/CashUp/CashUp_v2/frontend/node_modules/jest-circus/build/jestAdapterInit.js:946:3)\n    at _runTestsForDescribeBlock (/Users/domi/Documents/code/Github/CashUp/CashUp_v2/frontend/node_modules/jest-circus/build/jestAdapterInit.js:839:13)\n    at _runTestsForDescribeBlock (/Users/domi/Documents/code/Github/CashUp/CashUp_v2/frontend/node_modules/jest-circus/build/jestAdapterInit.js:829:11)\n    at _runTestsForDescribeBlock (/Users/domi/Documents/code/Github/CashUp/CashUp_v2/frontend/node_modules/jest-circus/build/jestAdapterInit.js:829:11)\n    at run (/Users/domi/Documents/code/Github/CashUp/CashUp_v2/frontend/node_modules/jest-circus/build/jestAdapterInit.js:757:3)\n    at runAndTransformResultsToJestFormat (/Users/domi/Documents/code/Github/CashUp/CashUp_v2/frontend/node_modules/jest-circus/build/jestAdapterInit.js:1917:21)\n    at jestAdapter (/Users/domi/Documents/code/Github/CashUp/CashUp_v2/frontend/node_modules/jest-circus/build/runner.js:101:19)\n    at runTestInternal (/Users/domi/Documents/code/Github/CashUp/CashUp_v2/frontend/node_modules/jest-runner/build/testWorker.js:275:16)\n    at runTest (/Users/domi/Documents/code/Github/CashUp/CashUp_v2/frontend/node_modules/jest-runner/build/testWorker.js:343:7)\n    at Object.worker (/Users/domi/Documents/code/Github/CashUp/CashUp_v2/frontend/node_modules/jest-runner/build/testWorker.js:497:12)"],"fullName":"API Service Request Interceptor should add authorization token when token exists","invocations":1,"location":null,"numPassingAsserts":0,"retryReasons":[],"startAt":1763301860551,"status":"failed","title":"should add authorization token when token exists"},{"ancestorTitles":["API Service","Request Interceptor"],"duration":2,"failing":false,"failureDetails":[],"failureMessages":[],"fullName":"API Service Request Interceptor should not add authorization token when token does not exist","invocations":1,"location":null,"numPassingAsserts":1,"retryReasons":[],"startAt":1763301860560,"status":"passed","title":"should not add authorization token when token does not exist"},{"ancestorTitles":["API Service","Response Interceptor"],"duration":0,"failing":false,"failureDetails":[{}],"failureMessages":["TypeError: Cannot read properties of undefined (reading 'get')\n    at Object.<anonymous> (/Users/domi/Documents/code/Github/CashUp/CashUp_v2/frontend/src/services/__tests__/api.test.ts:101:32)\n    at Promise.finally.completed (/Users/domi/Documents/code/Github/CashUp/CashUp_v2/frontend/node_modules/jest-circus/build/jestAdapterInit.js:1556:28)\n    at new Promise (<anonymous>)\n    at callAsyncCircusFn (/Users/domi/Documents/code/Github/CashUp/CashUp_v2/frontend/node_modules/jest-circus/build/jestAdapterInit.js:1496:10)\n    at _callCircusTest (/Users/domi/Documents/code/Github/CashUp/CashUp_v2/frontend/node_modules/jest-circus/build/jestAdapterInit.js:1006:40)\n    at processTicksAndRejections (node:internal/process/task_queues:105:5)\n    at _runTest (/Users/domi/Documents/code/Github/CashUp/CashUp_v2/frontend/node_modules/jest-circus/build/jestAdapterInit.js:946:3)\n    at _runTestsForDescribeBlock (/Users/domi/Documents/code/Github/CashUp/CashUp_v2/frontend/node_modules/jest-circus/build/jestAdapterInit.js:839:13)\n    at _runTestsForDescribeBlock (/Users/domi/Documents/code/Github/CashUp/CashUp_v2/frontend/node_modules/jest-circus/build/jestAdapterInit.js:829:11)\n    at _runTestsForDescribeBlock (/Users/domi/Documents/code/Github/CashUp/CashUp_v2/frontend/node_modules/jest-circus/build/jestAdapterInit.js:829:11)\n    at run (/Users/domi/Documents/code/Github/CashUp/CashUp_v2/frontend/node_modules/jest-circus/build/jestAdapterInit.js:757:3)\n    at runAndTransformResultsToJestFormat (/Users/domi/Documents/code/Github/CashUp/CashUp_v2/frontend/node_modules/jest-circus/build/jestAdapterInit.js:1917:21)\n    at jestAdapter (/Users/domi/Documents/code/Github/CashUp/CashUp_v2/frontend/node_modules/jest-circus/build/runner.js:101:19)\n    at runTestInternal (/Users/domi/Documents/code/Github/CashUp/CashUp_v2/frontend/node_modules/jest-runner/build/testWorker.js:275:16)\n    at runTest (/Users/domi/Documents/code/Github/CashUp/CashUp_v2/frontend/node_modules/jest-runner/build/testWorker.js:343:7)\n    at Object.worker (/Users/domi/Documents/code/Github/CashUp/CashUp_v2/frontend/node_modules/jest-runner/build/testWorker.js:497:12)"],"fullName":"API Service Response Interceptor should return response data for successful response","invocations":1,"location":null,"numPassingAsserts":0,"retryReasons":[],"startAt":1763301860562,"status":"failed","title":"should return response data for successful response"},{"ancestorTitles":["API Service","Response Interceptor"],"duration":37,"failing":false,"failureDetails":[{}],"failureMessages":["TypeError: Cannot read properties of undefined (reading 'get')\n    at Object.<anonymous> (/Users/domi/Documents/code/Github/CashUp/CashUp_v2/frontend/src/services/__tests__/api.test.ts:130:37)\n    at Promise.finally.completed (/Users/domi/Documents/code/Github/CashUp/CashUp_v2/frontend/node_modules/jest-circus/build/jestAdapterInit.js:1556:28)\n    at new Promise (<anonymous>)\n    at callAsyncCircusFn (/Users/domi/Documents/code/Github/CashUp/CashUp_v2/frontend/node_modules/jest-circus/build/jestAdapterInit.js:1496:10)\n    at _callCircusTest (/Users/domi/Documents/code/Github/CashUp/CashUp_v2/frontend/node_modules/jest-circus/build/jestAdapterInit.js:1006:40)\n    at processTicksAndRejections (node:internal/process/task_queues:105:5)\n    at _runTest (/Users/domi/Documents/code/Github/CashUp/CashUp_v2/frontend/node_modules/jest-circus/build/jestAdapterInit.js:946:3)\n    at _runTestsForDescribeBlock (/Users/domi/Documents/code/Github/CashUp/CashUp_v2/frontend/node_modules/jest-circus/build/jestAdapterInit.js:839:13)\n    at _runTestsForDescribeBlock (/Users/domi/Documents/code/Github/CashUp/CashUp_v2/frontend/node_modules/jest-circus/build/jestAdapterInit.js:829:11)\n    at _runTestsForDescribeBlock (/Users/domi/Documents/code/Github/CashUp/CashUp_v2/frontend/node_modules/jest-circus/build/jestAdapterInit.js:829:11)\n    at run (/Users/domi/Documents/code/Github/CashUp/CashUp_v2/frontend/node_modules/jest-circus/build/jestAdapterInit.js:757:3)\n    at runAndTransformResultsToJestFormat (/Users/domi/Documents/code/Github/CashUp/CashUp_v2/frontend/node_modules/jest-circus/build/jestAdapterInit.js:1917:21)\n    at jestAdapter (/Users/domi/Documents/code/Github/CashUp/CashUp_v2/frontend/node_modules/jest-circus/build/runner.js:101:19)\n    at runTestInternal (/Users/domi/Documents/code/Github/CashUp/CashUp_v2/frontend/node_modules/jest-runner/build/testWorker.js:275:16)\n    at runTest (/Users/domi/Documents/code/Github/CashUp/CashUp_v2/frontend/node_modules/jest-runner/build/testWorker.js:343:7)\n    at Object.worker (/Users/domi/Documents/code/Github/CashUp/CashUp_v2/frontend/node_modules/jest-runner/build/testWorker.js:497:12)"],"fullName":"API Service Response Interceptor should handle 401 error by clearing token and redirecting","invocations":1,"location":null,"numPassingAsserts":0,"retryReasons":[],"startAt":1763301860565,"status":"failed","title":"should handle 401 error by clearing token and redirecting"},{"ancestorTitles":["API Service","Response Interceptor"],"duration":1,"failing":false,"failureDetails":[{}],"failureMessages":["TypeError: Cannot read properties of undefined (reading 'get')\n    at Object.<anonymous> (/Users/domi/Documents/code/Github/CashUp/CashUp_v2/frontend/src/services/__tests__/api.test.ts:159:37)\n    at Promise.finally.completed (/Users/domi/Documents/code/Github/CashUp/CashUp_v2/frontend/node_modules/jest-circus/build/jestAdapterInit.js:1556:28)\n    at new Promise (<anonymous>)\n    at callAsyncCircusFn (/Users/domi/Documents/code/Github/CashUp/CashUp_v2/frontend/node_modules/jest-circus/build/jestAdapterInit.js:1496:10)\n    at _callCircusTest (/Users/domi/Documents/code/Github/CashUp/CashUp_v2/frontend/node_modules/jest-circus/build/jestAdapterInit.js:1006:40)\n    at processTicksAndRejections (node:internal/process/task_queues:105:5)\n    at _runTest (/Users/domi/Documents/code/Github/CashUp/CashUp_v2/frontend/node_modules/jest-circus/build/jestAdapterInit.js:946:3)\n    at _runTestsForDescribeBlock (/Users/domi/Documents/code/Github/CashUp/CashUp_v2/frontend/node_modules/jest-circus/build/jestAdapterInit.js:839:13)\n    at _runTestsForDescribeBlock (/Users/domi/Documents/code/Github/CashUp/CashUp_v2/frontend/node_modules/jest-circus/build/jestAdapterInit.js:829:11)\n    at _runTestsForDescribeBlock (/Users/domi/Documents/code/Github/CashUp/CashUp_v2/frontend/node_modules/jest-circus/build/jestAdapterInit.js:829:11)\n    at run (/Users/domi/Documents/code/Github/CashUp/CashUp_v2/frontend/node_modules/jest-circus/build/jestAdapterInit.js:757:3)\n    at runAndTransformResultsToJestFormat (/Users/domi/Documents/code/Github/CashUp/CashUp_v2/frontend/node_modules/jest-circus/build/jestAdapterInit.js:1917:21)\n    at jestAdapter (/Users/domi/Documents/code/Github/CashUp/CashUp_v2/frontend/node_modules/jest-circus/build/runner.js:101:19)\n    at runTestInternal (/Users/domi/Documents/code/Github/CashUp/CashUp_v2/frontend/node_modules/jest-runner/build/testWorker.js:275:16)\n    at runTest (/Users/domi/Documents/code/Github/CashUp/CashUp_v2/frontend/node_modules/jest-runner/build/testWorker.js:343:7)\n    at Object.worker (/Users/domi/Documents/code/Github/CashUp/CashUp_v2/frontend/node_modules/jest-runner/build/testWorker.js:497:12)"],"fullName":"API Service Response Interceptor should handle 429 rate limit error","invocations":1,"location":null,"numPassingAsserts":0,"retryReasons":[],"startAt":1763301860602,"status":"failed","title":"should handle 429 rate limit error"},{"ancestorTitles":["API Service","Response Interceptor"],"duration":0,"failing":false,"failureDetails":[{}],"failureMessages":["TypeError: Cannot read properties of undefined (reading 'get')\n    at Object.<anonymous> (/Users/domi/Documents/code/Github/CashUp/CashUp_v2/frontend/src/services/__tests__/api.test.ts:187:37)\n    at Promise.finally.completed (/Users/domi/Documents/code/Github/CashUp/CashUp_v2/frontend/node_modules/jest-circus/build/jestAdapterInit.js:1556:28)\n    at new Promise (<anonymous>)\n    at callAsyncCircusFn (/Users/domi/Documents/code/Github/CashUp/CashUp_v2/frontend/node_modules/jest-circus/build/jestAdapterInit.js:1496:10)\n    at _callCircusTest (/Users/domi/Documents/code/Github/CashUp/CashUp_v2/frontend/node_modules/jest-circus/build/jestAdapterInit.js:1006:40)\n    at processTicksAndRejections (node:internal/process/task_queues:105:5)\n    at _runTest (/Users/domi/Documents/code/Github/CashUp/CashUp_v2/frontend/node_modules/jest-circus/build/jestAdapterInit.js:946:3)\n    at _runTestsForDescribeBlock (/Users/domi/Documents/code/Github/CashUp/CashUp_v2/frontend/node_modules/jest-circus/build/jestAdapterInit.js:839:13)\n    at _runTestsForDescribeBlock (/Users/domi/Documents/code/Github/CashUp/CashUp_v2/frontend/node_modules/jest-circus/build/jestAdapterInit.js:829:11)\n    at _runTestsForDescribeBlock (/Users/domi/Documents/code/Github/CashUp/CashUp_v2/frontend/node_modules/jest-circus/build/jestAdapterInit.js:829:11)\n    at run (/Users/domi/Documents/code/Github/CashUp/CashUp_v2/frontend/node_modules/jest-circus/build/jestAdapterInit.js:757:3)\n    at runAndTransformResultsToJestFormat (/Users/domi/Documents/code/Github/CashUp/CashUp_v2/frontend/node_modules/jest-circus/build/jestAdapterInit.js:1917:21)\n    at jestAdapter (/Users/domi/Documents/code/Github/CashUp/CashUp_v2/frontend/node_modules/jest-circus/build/runner.js:101:19)\n    at runTestInternal (/Users/domi/Documents/code/Github/CashUp/CashUp_v2/frontend/node_modules/jest-runner/build/testWorker.js:275:16)\n    at runTest (/Users/domi/Documents/code/Github/CashUp/CashUp_v2/frontend/node_modules/jest-runner/build/testWorker.js:343:7)\n    at Object.worker (/Users/domi/Documents/code/Github/CashUp/CashUp_v2/frontend/node_modules/jest-runner/build/testWorker.js:497:12)"],"fullName":"API Service Response Interceptor should handle 500 server error","invocations":1,"location":null,"numPassingAsserts":0,"retryReasons":[],"startAt":1763301860603,"status":"failed","title":"should handle 500 server error"},{"ancestorTitles":["API Service","API Methods"],"duration":0,"failing":false,"failureDetails":[{}],"failureMessages":["TypeError: Cannot read properties of undefined (reading 'get')\n    at Object.<anonymous> (/Users/domi/Documents/code/Github/CashUp/CashUp_v2/frontend/src/services/__tests__/api.test.ts:210:32)\n    at Promise.finally.completed (/Users/domi/Documents/code/Github/CashUp/CashUp_v2/frontend/node_modules/jest-circus/build/jestAdapterInit.js:1556:28)\n    at new Promise (<anonymous>)\n    at callAsyncCircusFn (/Users/domi/Documents/code/Github/CashUp/CashUp_v2/frontend/node_modules/jest-circus/build/jestAdapterInit.js:1496:10)\n    at _callCircusTest (/Users/domi/Documents/code/Github/CashUp/CashUp_v2/frontend/node_modules/jest-circus/build/jestAdapterInit.js:1006:40)\n    at processTicksAndRejections (node:internal/process/task_queues:105:5)\n    at _runTest (/Users/domi/Documents/code/Github/CashUp/CashUp_v2/frontend/node_modules/jest-circus/build/jestAdapterInit.js:946:3)\n    at _runTestsForDescribeBlock (/Users/domi/Documents/code/Github/CashUp/CashUp_v2/frontend/node_modules/jest-circus/build/jestAdapterInit.js:839:13)\n    at _runTestsForDescribeBlock (/Users/domi/Documents/code/Github/CashUp/CashUp_v2/frontend/node_modules/jest-circus/build/jestAdapterInit.js:829:11)\n    at _runTestsForDescribeBlock (/Users/domi/Documents/code/Github/CashUp/CashUp_v2/frontend/node_modules/jest-circus/build/jestAdapterInit.js:829:11)\n    at run (/Users/domi/Documents/code/Github/CashUp/CashUp_v2/frontend/node_modules/jest-circus/build/jestAdapterInit.js:757:3)\n    at runAndTransformResultsToJestFormat (/Users/domi/Documents/code/Github/CashUp/CashUp_v2/frontend/node_modules/jest-circus/build/jestAdapterInit.js:1917:21)\n    at jestAdapter (/Users/domi/Documents/code/Github/CashUp/CashUp_v2/frontend/node_modules/jest-circus/build/runner.js:101:19)\n    at runTestInternal (/Users/domi/Documents/code/Github/CashUp/CashUp_v2/frontend/node_modules/jest-runner/build/testWorker.js:275:16)\n    at runTest (/Users/domi/Documents/code/Github/CashUp/CashUp_v2/frontend/node_modules/jest-runner/build/testWorker.js:343:7)\n    at Object.worker (/Users/domi/Documents/code/Github/CashUp/CashUp_v2/frontend/node_modules/jest-runner/build/testWorker.js:497:12)"],"fullName":"API Service API Methods should make GET request","invocations":1,"location":null,"numPassingAsserts":0,"retryReasons":[],"startAt":1763301860603,"status":"failed","title":"should make GET request"},{"ancestorTitles":["API Service","API Methods"],"duration":0,"failing":false,"failureDetails":[{}],"failureMessages":["TypeError: Cannot read properties of undefined (reading 'post')\n    at Object.<anonymous> (/Users/domi/Documents/code/Github/CashUp/CashUp_v2/frontend/src/services/__tests__/api.test.ts:222:32)\n    at Promise.finally.completed (/Users/domi/Documents/code/Github/CashUp/CashUp_v2/frontend/node_modules/jest-circus/build/jestAdapterInit.js:1556:28)\n    at new Promise (<anonymous>)\n    at callAsyncCircusFn (/Users/domi/Documents/code/Github/CashUp/CashUp_v2/frontend/node_modules/jest-circus/build/jestAdapterInit.js:1496:10)\n    at _callCircusTest (/Users/domi/Documents/code/Github/CashUp/CashUp_v2/frontend/node_modules/jest-circus/build/jestAdapterInit.js:1006:40)\n    at processTicksAndRejections (node:internal/process/task_queues:105:5)\n    at _runTest (/Users/domi/Documents/code/Github/CashUp/CashUp_v2/frontend/node_modules/jest-circus/build/jestAdapterInit.js:946:3)\n    at _runTestsForDescribeBlock (/Users/domi/Documents/code/Github/CashUp/CashUp_v2/frontend/node_modules/jest-circus/build/jestAdapterInit.js:839:13)\n    at _runTestsForDescribeBlock (/Users/domi/Documents/code/Github/CashUp/CashUp_v2/frontend/node_modules/jest-circus/build/jestAdapterInit.js:829:11)\n    at _runTestsForDescribeBlock (/Users/domi/Documents/code/Github/CashUp/CashUp_v2/frontend/node_modules/jest-circus/build/jestAdapterInit.js:829:11)\n    at run (/Users/domi/Documents/code/Github/CashUp/CashUp_v2/frontend/node_modules/jest-circus/build/jestAdapterInit.js:757:3)\n    at runAndTransformResultsToJestFormat (/Users/domi/Documents/code/Github/CashUp/CashUp_v2/frontend/node_modules/jest-circus/build/jestAdapterInit.js:1917:21)\n    at jestAdapter (/Users/domi/Documents/code/Github/CashUp/CashUp_v2/frontend/node_modules/jest-circus/build/runner.js:101:19)\n    at runTestInternal (/Users/domi/Documents/code/Github/CashUp/CashUp_v2/frontend/node_modules/jest-runner/build/testWorker.js:275:16)\n    at runTest (/Users/domi/Documents/code/Github/CashUp/CashUp_v2/frontend/node_modules/jest-runner/build/testWorker.js:343:7)\n    at Object.worker (/Users/domi/Documents/code/Github/CashUp/CashUp_v2/frontend/node_modules/jest-runner/build/testWorker.js:497:12)"],"fullName":"API Service API Methods should make POST request","invocations":1,"location":null,"numPassingAsserts":0,"retryReasons":[],"startAt":1763301860604,"status":"failed","title":"should make POST request"},{"ancestorTitles":["API Service","API Methods"],"duration":0,"failing":false,"failureDetails":[{}],"failureMessages":["TypeError: Cannot read properties of undefined (reading 'put')\n    at Object.<anonymous> (/Users/domi/Documents/code/Github/CashUp/CashUp_v2/frontend/src/services/__tests__/api.test.ts:234:32)\n    at Promise.finally.completed (/Users/domi/Documents/code/Github/CashUp/CashUp_v2/frontend/node_modules/jest-circus/build/jestAdapterInit.js:1556:28)\n    at new Promise (<anonymous>)\n    at callAsyncCircusFn (/Users/domi/Documents/code/Github/CashUp/CashUp_v2/frontend/node_modules/jest-circus/build/jestAdapterInit.js:1496:10)\n    at _callCircusTest (/Users/domi/Documents/code/Github/CashUp/CashUp_v2/frontend/node_modules/jest-circus/build/jestAdapterInit.js:1006:40)\n    at processTicksAndRejections (node:internal/process/task_queues:105:5)\n    at _runTest (/Users/domi/Documents/code/Github/CashUp/CashUp_v2/frontend/node_modules/jest-circus/build/jestAdapterInit.js:946:3)\n    at _runTestsForDescribeBlock (/Users/domi/Documents/code/Github/CashUp/CashUp_v2/frontend/node_modules/jest-circus/build/jestAdapterInit.js:839:13)\n    at _runTestsForDescribeBlock (/Users/domi/Documents/code/Github/CashUp/CashUp_v2/frontend/node_modules/jest-circus/build/jestAdapterInit.js:829:11)\n    at _runTestsForDescribeBlock (/Users/domi/Documents/code/Github/CashUp/CashUp_v2/frontend/node_modules/jest-circus/build/jestAdapterInit.js:829:11)\n    at run (/Users/domi/Documents/code/Github/CashUp/CashUp_v2/frontend/node_modules/jest-circus/build/jestAdapterInit.js:757:3)\n    at runAndTransformResultsToJestFormat (/Users/domi/Documents/code/Github/CashUp/CashUp_v2/frontend/node_modules/jest-circus/build/jestAdapterInit.js:1917:21)\n    at jestAdapter (/Users/domi/Documents/code/Github/CashUp/CashUp_v2/frontend/node_modules/jest-circus/build/runner.js:101:19)\n    at runTestInternal (/Users/domi/Documents/code/Github/CashUp/CashUp_v2/frontend/node_modules/jest-runner/build/testWorker.js:275:16)\n    at runTest (/Users/domi/Documents/code/Github/CashUp/CashUp_v2/frontend/node_modules/jest-runner/build/testWorker.js:343:7)\n    at Object.worker (/Users/domi/Documents/code/Github/CashUp/CashUp_v2/frontend/node_modules/jest-runner/build/testWorker.js:497:12)"],"fullName":"API Service API Methods should make PUT request","invocations":1,"location":null,"numPassingAsserts":0,"retryReasons":[],"startAt":1763301860604,"status":"failed","title":"should make PUT request"},{"ancestorTitles":["API Service","API Methods"],"duration":1,"failing":false,"failureDetails":[{}],"failureMessages":["TypeError: Cannot read properties of undefined (reading 'delete')\n    at Object.<anonymous> (/Users/domi/Documents/code/Github/CashUp/CashUp_v2/frontend/src/services/__tests__/api.test.ts:245:32)\n    at Promise.finally.completed (/Users/domi/Documents/code/Github/CashUp/CashUp_v2/frontend/node_modules/jest-circus/build/jestAdapterInit.js:1556:28)\n    at new Promise (<anonymous>)\n    at callAsyncCircusFn (/Users/domi/Documents/code/Github/CashUp/CashUp_v2/frontend/node_modules/jest-circus/build/jestAdapterInit.js:1496:10)\n    at _callCircusTest (/Users/domi/Documents/code/Github/CashUp/CashUp_v2/frontend/node_modules/jest-circus/build/jestAdapterInit.js:1006:40)\n    at processTicksAndRejections (node:internal/process/task_queues:105:5)\n    at _runTest (/Users/domi/Documents/code/Github/CashUp/CashUp_v2/frontend/node_modules/jest-circus/build/jestAdapterInit.js:946:3)\n    at _runTestsForDescribeBlock (/Users/domi/Documents/code/Github/CashUp/CashUp_v2/frontend/node_modules/jest-circus/build/jestAdapterInit.js:839:13)\n    at _runTestsForDescribeBlock (/Users/domi/Documents/code/Github/CashUp/CashUp_v2/frontend/node_modules/jest-circus/build/jestAdapterInit.js:829:11)\n    at _runTestsForDescribeBlock (/Users/domi/Documents/code/Github/CashUp/CashUp_v2/frontend/node_modules/jest-circus/build/jestAdapterInit.js:829:11)\n    at run (/Users/domi/Documents/code/Github/CashUp/CashUp_v2/frontend/node_modules/jest-circus/build/jestAdapterInit.js:757:3)\n    at runAndTransformResultsToJestFormat (/Users/domi/Documents/code/Github/CashUp/CashUp_v2/frontend/node_modules/jest-circus/build/jestAdapterInit.js:1917:21)\n    at jestAdapter (/Users/domi/Documents/code/Github/CashUp/CashUp_v2/frontend/node_modules/jest-circus/build/runner.js:101:19)\n    at runTestInternal (/Users/domi/Documents/code/Github/CashUp/CashUp_v2/frontend/node_modules/jest-runner/build/testWorker.js:275:16)\n    at runTest (/Users/domi/Documents/code/Github/CashUp/CashUp_v2/frontend/node_modules/jest-runner/build/testWorker.js:343:7)\n    at Object.worker (/Users/domi/Documents/code/Github/CashUp/CashUp_v2/frontend/node_modules/jest-runner/build/testWorker.js:497:12)"],"fullName":"API Service API Methods should make DELETE request","invocations":1,"location":null,"numPassingAsserts":0,"retryReasons":[],"startAt":1763301860604,"status":"failed","title":"should make DELETE request"},{"ancestorTitles":["API Service","Configuration"],"duration":0,"failing":false,"failureDetails":[{}],"failureMessages":["TypeError: Cannot read properties of undefined (reading 'defaults')\n    at Object.<anonymous> (/Users/domi/Documents/code/Github/CashUp/CashUp_v2/frontend/src/services/__tests__/api.test.ts:255:18)\n    at Promise.finally.completed (/Users/domi/Documents/code/Github/CashUp/CashUp_v2/frontend/node_modules/jest-circus/build/jestAdapterInit.js:1556:28)\n    at new Promise (<anonymous>)\n    at callAsyncCircusFn (/Users/domi/Documents/code/Github/CashUp/CashUp_v2/frontend/node_modules/jest-circus/build/jestAdapterInit.js:1496:10)\n    at _callCircusTest (/Users/domi/Documents/code/Github/CashUp/CashUp_v2/frontend/node_modules/jest-circus/build/jestAdapterInit.js:1006:40)\n    at processTicksAndRejections (node:internal/process/task_queues:105:5)\n    at _runTest (/Users/domi/Documents/code/Github/CashUp/CashUp_v2/frontend/node_modules/jest-circus/build/jestAdapterInit.js:946:3)\n    at _runTestsForDescribeBlock (/Users/domi/Documents/code/Github/CashUp/CashUp_v2/frontend/node_modules/jest-circus/build/jestAdapterInit.js:839:13)\n    at _runTestsForDescribeBlock (/Users/domi/Documents/code/Github/CashUp/CashUp_v2/frontend/node_modules/jest-circus/build/jestAdapterInit.js:829:11)\n    at _runTestsForDescribeBlock (/Users/domi/Documents/code/Github/CashUp/CashUp_v2/frontend/node_modules/jest-circus/build/jestAdapterInit.js:829:11)\n    at run (/Users/domi/Documents/code/Github/CashUp/CashUp_v2/frontend/node_modules/jest-circus/build/jestAdapterInit.js:757:3)\n    at runAndTransformResultsToJestFormat (/Users/domi/Documents/code/Github/CashUp/CashUp_v2/frontend/node_modules/jest-circus/build/jestAdapterInit.js:1917:21)\n    at jestAdapter (/Users/domi/Documents/code/Github/CashUp/CashUp_v2/frontend/node_modules/jest-circus/build/runner.js:101:19)\n    at runTestInternal (/Users/domi/Documents/code/Github/CashUp/CashUp_v2/frontend/node_modules/jest-runner/build/testWorker.js:275:16)\n    at runTest (/Users/domi/Documents/code/Github/CashUp/CashUp_v2/frontend/node_modules/jest-runner/build/testWorker.js:343:7)\n    at Object.worker (/Users/domi/Documents/code/Github/CashUp/CashUp_v2/frontend/node_modules/jest-runner/build/testWorker.js:497:12)"],"fullName":"API Service Configuration should use correct base URL","invocations":1,"location":null,"numPassingAsserts":0,"retryReasons":[],"startAt":1763301860605,"status":"failed","title":"should use correct base URL"},{"ancestorTitles":["API Service","Configuration"],"duration":0,"failing":false,"failureDetails":[{}],"failureMessages":["TypeError: Cannot read properties of undefined (reading 'defaults')\n    at Object.<anonymous> (/Users/domi/Documents/code/Github/CashUp/CashUp_v2/frontend/src/services/__tests__/api.test.ts:259:18)\n    at Promise.finally.completed (/Users/domi/Documents/code/Github/CashUp/CashUp_v2/frontend/node_modules/jest-circus/build/jestAdapterInit.js:1556:28)\n    at new Promise (<anonymous>)\n    at callAsyncCircusFn (/Users/domi/Documents/code/Github/CashUp/CashUp_v2/frontend/node_modules/jest-circus/build/jestAdapterInit.js:1496:10)\n    at _callCircusTest (/Users/domi/Documents/code/Github/CashUp/CashUp_v2/frontend/node_modules/jest-circus/build/jestAdapterInit.js:1006:40)\n    at processTicksAndRejections (node:internal/process/task_queues:105:5)\n    at _runTest (/Users/domi/Documents/code/Github/CashUp/CashUp_v2/frontend/node_modules/jest-circus/build/jestAdapterInit.js:946:3)\n    at _runTestsForDescribeBlock (/Users/domi/Documents/code/Github/CashUp/CashUp_v2/frontend/node_modules/jest-circus/build/jestAdapterInit.js:839:13)\n    at _runTestsForDescribeBlock (/Users/domi/Documents/code/Github/CashUp/CashUp_v2/frontend/node_modules/jest-circus/build/jestAdapterInit.js:829:11)\n    at _runTestsForDescribeBlock (/Users/domi/Documents/code/Github/CashUp/CashUp_v2/frontend/node_modules/jest-circus/build/jestAdapterInit.js:829:11)\n    at run (/Users/domi/Documents/code/Github/CashUp/CashUp_v2/frontend/node_modules/jest-circus/build/jestAdapterInit.js:757:3)\n    at runAndTransformResultsToJestFormat (/Users/domi/Documents/code/Github/CashUp/CashUp_v2/frontend/node_modules/jest-circus/build/jestAdapterInit.js:1917:21)\n    at jestAdapter (/Users/domi/Documents/code/Github/CashUp/CashUp_v2/frontend/node_modules/jest-circus/build/runner.js:101:19)\n    at runTestInternal (/Users/domi/Documents/code/Github/CashUp/CashUp_v2/frontend/node_modules/jest-runner/build/testWorker.js:275:16)\n    at runTest (/Users/domi/Documents/code/Github/CashUp/CashUp_v2/frontend/node_modules/jest-runner/build/testWorker.js:343:7)\n    at Object.worker (/Users/domi/Documents/code/Github/CashUp/CashUp_v2/frontend/node_modules/jest-runner/build/testWorker.js:497:12)"],"fullName":"API Service Configuration should have correct timeout","invocations":1,"location":null,"numPassingAsserts":0,"retryReasons":[],"startAt":1763301860605,"status":"failed","title":"should have correct timeout"},{"ancestorTitles":["API Service","Configuration"],"duration":0,"failing":false,"failureDetails":[{}],"failureMessages":["TypeError: Cannot read properties of undefined (reading 'defaults')\n    at Object.<anonymous> (/Users/domi/Documents/code/Github/CashUp/CashUp_v2/frontend/src/services/__tests__/api.test.ts:263:18)\n    at Promise.finally.completed (/Users/domi/Documents/code/Github/CashUp/CashUp_v2/frontend/node_modules/jest-circus/build/jestAdapterInit.js:1556:28)\n    at new Promise (<anonymous>)\n    at callAsyncCircusFn (/Users/domi/Documents/code/Github/CashUp/CashUp_v2/frontend/node_modules/jest-circus/build/jestAdapterInit.js:1496:10)\n    at _callCircusTest (/Users/domi/Documents/code/Github/CashUp/CashUp_v2/frontend/node_modules/jest-circus/build/jestAdapterInit.js:1006:40)\n    at processTicksAndRejections (node:internal/process/task_queues:105:5)\n    at _runTest (/Users/domi/Documents/code/Github/CashUp/CashUp_v2/frontend/node_modules/jest-circus/build/jestAdapterInit.js:946:3)\n    at _runTestsForDescribeBlock (/Users/domi/Documents/code/Github/CashUp/CashUp_v2/frontend/node_modules/jest-circus/build/jestAdapterInit.js:839:13)\n    at _runTestsForDescribeBlock (/Users/domi/Documents/code/Github/CashUp/CashUp_v2/frontend/node_modules/jest-circus/build/jestAdapterInit.js:829:11)\n    at _runTestsForDescribeBlock (/Users/domi/Documents/code/Github/CashUp/CashUp_v2/frontend/node_modules/jest-circus/build/jestAdapterInit.js:829:11)\n    at run (/Users/domi/Documents/code/Github/CashUp/CashUp_v2/frontend/node_modules/jest-circus/build/jestAdapterInit.js:757:3)\n    at runAndTransformResultsToJestFormat (/Users/domi/Documents/code/Github/CashUp/CashUp_v2/frontend/node_modules/jest-circus/build/jestAdapterInit.js:1917:21)\n    at jestAdapter (/Users/domi/Documents/code/Github/CashUp/CashUp_v2/frontend/node_modules/jest-circus/build/runner.js:101:19)\n    at runTestInternal (/Users/domi/Documents/code/Github/CashUp/CashUp_v2/frontend/node_modules/jest-runner/build/testWorker.js:275:16)\n    at runTest (/Users/domi/Documents/code/Github/CashUp/CashUp_v2/frontend/node_modules/jest-runner/build/testWorker.js:343:7)\n    at Object.worker (/Users/domi/Documents/code/Github/CashUp/CashUp_v2/frontend/node_modules/jest-runner/build/testWorker.js:497:12)"],"fullName":"API Service Configuration should have correct content type","invocations":1,"location":null,"numPassingAsserts":0,"retryReasons":[],"startAt":1763301860605,"status":"failed","title":"should have correct content type"}],"endTime":1763301860629,"message":"\u001b[1m\u001b[31m  \u001b[1m● \u001b[22m\u001b[1mAPI Service › Request Interceptor › should add authorization token when token exists\u001b[39m\u001b[22m\n\n    \u001b[2mexpect(\u001b[22m\u001b[31mreceived\u001b[39m\u001b[2m).\u001b[22mtoHaveBeenCalledWith\u001b[2m(\u001b[22m\u001b[32m...expected\u001b[39m\u001b[2m)\u001b[22m\n\n    \u001b[1mMatcher error\u001b[22m: \u001b[31mreceived\u001b[39m value must be a mock or spy function\n\n    Received has type:  function\n    Received has value: \u001b[31m[Function getItem]\u001b[39m\n\u001b[2m\u001b[22m\n\u001b[2m    \u001b[0m \u001b[90m 46 |\u001b[39m       \u001b[90m// 期望：请求拦截器在有令牌时应添加Authorization头\u001b[39m\u001b[22m\n\u001b[2m     \u001b[90m 47 |\u001b[39m\u001b[22m\n\u001b[2m    \u001b[31m\u001b[1m>\u001b[22m\u001b[2m\u001b[39m\u001b[90m 48 |\u001b[39m       expect(localStorage\u001b[33m.\u001b[39mgetItem)\u001b[33m.\u001b[39mtoHaveBeenCalledWith(\u001b[32m'access_token'\u001b[39m)\u001b[33m;\u001b[39m\u001b[22m\n\u001b[2m     \u001b[90m    |\u001b[39m                                    \u001b[31m\u001b[1m^\u001b[22m\u001b[2m\u001b[39m\u001b[22m\n\u001b[2m     \u001b[90m 49 |\u001b[39m     })\u001b[33m;\u001b[39m\u001b[22m\n\u001b[2m     \u001b[90m 50 |\u001b[39m\u001b[22m\n\u001b[2m     \u001b[90m 51 |\u001b[39m     test(\u001b[32m'should not add authorization token when token does not exist'\u001b[39m\u001b[33m,\u001b[39m () \u001b[33m=>\u001b[39m {\u001b[0m\u001b[22m\n\u001b[2m\u001b[22m\n\u001b[2m      \u001b[2mat Object.<anonymous> (\u001b[22m\u001b[2m\u001b[0m\u001b[36msrc/services/__tests__/api.test.ts\u001b[39m\u001b[0m\u001b[2m:48:36)\u001b[22m\u001b[2m\u001b[22m\n\n\u001b[1m\u001b[31m  \u001b[1m● \u001b[22m\u001b[1mAPI Service › Response Interceptor › should return response data for successful response\u001b[39m\u001b[22m\n\n    TypeError: Cannot read properties of undefined (reading 'get')\n\u001b[2m\u001b[22m\n\u001b[2m    \u001b[0m \u001b[90m  99 |\u001b[39m       \u001b[90m// Re-initialize api to trigger interceptor setup\u001b[39m\u001b[22m\n\u001b[2m     \u001b[90m 100 |\u001b[39m       \u001b[36mconst\u001b[39m api \u001b[33m=\u001b[39m require(\u001b[32m'../api'\u001b[39m)\u001b[33m.\u001b[39mapi\u001b[33m;\u001b[39m\u001b[22m\n\u001b[2m    \u001b[31m\u001b[1m>\u001b[22m\u001b[2m\u001b[39m\u001b[90m 101 |\u001b[39m       \u001b[36mconst\u001b[39m result \u001b[33m=\u001b[39m \u001b[36mawait\u001b[39m api\u001b[33m.\u001b[39m\u001b[36mget\u001b[39m(\u001b[32m'/test'\u001b[39m)\u001b[33m;\u001b[39m\u001b[22m\n\u001b[2m     \u001b[90m     |\u001b[39m                                \u001b[31m\u001b[1m^\u001b[22m\u001b[2m\u001b[39m\u001b[22m\n\u001b[2m     \u001b[90m 102 |\u001b[39m\u001b[22m\n\u001b[2m     \u001b[90m 103 |\u001b[39m       expect(result)\u001b[33m.\u001b[39mtoEqual(responseData)\u001b[33m;\u001b[39m\u001b[22m\n\u001b[2m     \u001b[90m 104 |\u001b[39m     })\u001b[33m;\u001b[39m\u001b[0m\u001b[22m\n\u001b[2m\u001b[22m\n\u001b[2m      \u001b[2mat Object.<anonymous> (\u001b[22m\u001b[2m\u001b[0m\u001b[36msrc/services/__tests__/api.test.ts\u001b[39m\u001b[0m\u001b[2m:101:32)\u001b[22m\u001b[2m\u001b[22m\n\n\u001b[1m\u001b[31m  \u001b[1m● \u001b[22m\u001b[1mAPI Service › Response Interceptor › should handle 401 error by clearing token and redirecting\u001b[39m\u001b[22m\n\n    TypeError: Cannot read properties of undefined (reading 'get')\n\u001b[2m\u001b[22m\n\u001b[2m    \u001b[0m \u001b[90m 128 |\u001b[39m\u001b[22m\n\u001b[2m     \u001b[90m 129 |\u001b[39m       \u001b[36mconst\u001b[39m apiInstance \u001b[33m=\u001b[39m require(\u001b[32m'../api'\u001b[39m)\u001b[33m.\u001b[39mapi\u001b[33m;\u001b[39m\u001b[22m\n\u001b[2m    \u001b[31m\u001b[1m>\u001b[22m\u001b[2m\u001b[39m\u001b[90m 130 |\u001b[39m       \u001b[36mconst\u001b[39m err \u001b[33m=\u001b[39m \u001b[36mawait\u001b[39m apiInstance\u001b[33m.\u001b[39m\u001b[36mget\u001b[39m(\u001b[32m'/test'\u001b[39m)\u001b[33m.\u001b[39m\u001b[36mcatch\u001b[39m((e\u001b[33m:\u001b[39m any) \u001b[33m=>\u001b[39m e)\u001b[33m;\u001b[39m\u001b[22m\n\u001b[2m     \u001b[90m     |\u001b[39m                                     \u001b[31m\u001b[1m^\u001b[22m\u001b[2m\u001b[39m\u001b[22m\n\u001b[2m     \u001b[90m 131 |\u001b[39m       expect(err)\u001b[33m.\u001b[39mtoBeDefined()\u001b[33m;\u001b[39m\u001b[22m\n\u001b[2m     \u001b[90m 132 |\u001b[39m       expect(localStorage\u001b[33m.\u001b[39mremoveItem)\u001b[33m.\u001b[39mtoHaveBeenCalledWith(\u001b[32m'access_token'\u001b[39m)\u001b[33m;\u001b[39m\u001b[22m\n\u001b[2m     \u001b[90m 133 |\u001b[39m       expect(localStorage\u001b[33m.\u001b[39mremoveItem)\u001b[33m.\u001b[39mtoHaveBeenCalledWith(\u001b[32m'user'\u001b[39m)\u001b[33m;\u001b[39m\u001b[0m\u001b[22m\n\u001b[2m\u001b[22m\n\u001b[2m      \u001b[2mat Object.<anonymous> (\u001b[22m\u001b[2m\u001b[0m\u001b[36msrc/services/__tests__/api.test.ts\u001b[39m\u001b[0m\u001b[2m:130:37)\u001b[22m\u001b[2m\u001b[22m\n\n\u001b[1m\u001b[31m  \u001b[1m● \u001b[22m\u001b[1mAPI Service › Response Interceptor › should handle 429 rate limit error\u001b[39m\u001b[22m\n\n    TypeError: Cannot read properties of undefined (reading 'get')\n\u001b[2m\u001b[22m\n\u001b[2m    \u001b[0m \u001b[90m 157 |\u001b[39m\u001b[22m\n\u001b[2m     \u001b[90m 158 |\u001b[39m       \u001b[36mconst\u001b[39m apiInstance \u001b[33m=\u001b[39m require(\u001b[32m'../api'\u001b[39m)\u001b[33m.\u001b[39mapi\u001b[33m;\u001b[39m\u001b[22m\n\u001b[2m    \u001b[31m\u001b[1m>\u001b[22m\u001b[2m\u001b[39m\u001b[90m 159 |\u001b[39m       \u001b[36mconst\u001b[39m err \u001b[33m=\u001b[39m \u001b[36mawait\u001b[39m apiInstance\u001b[33m.\u001b[39m\u001b[36mget\u001b[39m(\u001b[32m'/test'\u001b[39m)\u001b[33m.\u001b[39m\u001b[36mcatch\u001b[39m((e\u001b[33m:\u001b[39m any) \u001b[33m=>\u001b[39m e)\u001b[33m;\u001b[39m\u001b[22m\n\u001b[2m     \u001b[90m     |\u001b[39m                                     \u001b[31m\u001b[1m^\u001b[22m\u001b[2m\u001b[39m\u001b[22m\n\u001b[2m     \u001b[90m 160 |\u001b[39m       expect(err)\u001b[33m.\u001b[39mtoBeDefined()\u001b[33m;\u001b[39m\u001b[22m\n\u001b[2m     \u001b[90m 161 |\u001b[39m       expect(consoleSpy)\u001b[33m.\u001b[39mtoHaveBeenCalledWith(\u001b[32m'请求频率限制:'\u001b[39m\u001b[33m,\u001b[39m error\u001b[33m.\u001b[39mresponse\u001b[33m.\u001b[39mdata)\u001b[33m;\u001b[39m\u001b[22m\n\u001b[2m     \u001b[90m 162 |\u001b[39m       consoleSpy\u001b[33m.\u001b[39mmockRestore()\u001b[33m;\u001b[39m\u001b[0m\u001b[22m\n\u001b[2m\u001b[22m\n\u001b[2m      \u001b[2mat Object.<anonymous> (\u001b[22m\u001b[2m\u001b[0m\u001b[36msrc/services/__tests__/api.test.ts\u001b[39m\u001b[0m\u001b[2m:159:37)\u001b[22m\u001b[2m\u001b[22m\n\n\u001b[1m\u001b[31m  \u001b[1m● \u001b[22m\u001b[1mAPI Service › Response Interceptor › should handle 500 server error\u001b[39m\u001b[22m\n\n    TypeError: Cannot read properties of undefined (reading 'get')\n\u001b[2m\u001b[22m\n\u001b[2m    \u001b[0m \u001b[90m 185 |\u001b[39m\u001b[22m\n\u001b[2m     \u001b[90m 186 |\u001b[39m       \u001b[36mconst\u001b[39m apiInstance \u001b[33m=\u001b[39m require(\u001b[32m'../api'\u001b[39m)\u001b[33m.\u001b[39mapi\u001b[33m;\u001b[39m\u001b[22m\n\u001b[2m    \u001b[31m\u001b[1m>\u001b[22m\u001b[2m\u001b[39m\u001b[90m 187 |\u001b[39m       \u001b[36mconst\u001b[39m err \u001b[33m=\u001b[39m \u001b[36mawait\u001b[39m apiInstance\u001b[33m.\u001b[39m\u001b[36mget\u001b[39m(\u001b[32m'/test'\u001b[39m)\u001b[33m.\u001b[39m\u001b[36mcatch\u001b[39m((e\u001b[33m:\u001b[39m any) \u001b[33m=>\u001b[39m e)\u001b[33m;\u001b[39m\u001b[22m\n\u001b[2m     \u001b[90m     |\u001b[39m                                     \u001b[31m\u001b[1m^\u001b[22m\u001b[2m\u001b[39m\u001b[22m\n\u001b[2m     \u001b[90m 188 |\u001b[39m       expect(err)\u001b[33m.\u001b[39mtoBeDefined()\u001b[33m;\u001b[39m\u001b[22m\n\u001b[2m     \u001b[90m 189 |\u001b[39m       expect(consoleSpy)\u001b[33m.\u001b[39mtoHaveBeenCalledWith(\u001b[32m'服务器错误:'\u001b[39m\u001b[33m,\u001b[39m error\u001b[33m.\u001b[39mresponse\u001b[33m.\u001b[39mdata)\u001b[33m;\u001b[39m\u001b[22m\n\u001b[2m     \u001b[90m 190 |\u001b[39m       consoleSpy\u001b[33m.\u001b[39mmockRestore()\u001b[33m;\u001b[39m\u001b[0m\u001b[22m\n\u001b[2m\u001b[22m\n\u001b[2m      \u001b[2mat Object.<anonymous> (\u001b[22m\u001b[2m\u001b[0m\u001b[36msrc/services/__tests__/api.test.ts\u001b[39m\u001b[0m\u001b[2m:187:37)\u001b[22m\u001b[2m\u001b[22m\n\n\u001b[1m\u001b[31m  \u001b[1m● \u001b[22m\u001b[1mAPI Service › API Methods › should make GET request\u001b[39m\u001b[22m\n\n    TypeError: Cannot read properties of undefined (reading 'get')\n\u001b[2m\u001b[22m\n\u001b[2m    \u001b[0m \u001b[90m 208 |\u001b[39m\u001b[22m\n\u001b[2m     \u001b[90m 209 |\u001b[39m       \u001b[36mconst\u001b[39m api \u001b[33m=\u001b[39m require(\u001b[32m'../api'\u001b[39m)\u001b[33m.\u001b[39mapi\u001b[33m;\u001b[39m\u001b[22m\n\u001b[2m    \u001b[31m\u001b[1m>\u001b[22m\u001b[2m\u001b[39m\u001b[90m 210 |\u001b[39m       \u001b[36mconst\u001b[39m result \u001b[33m=\u001b[39m \u001b[36mawait\u001b[39m api\u001b[33m.\u001b[39m\u001b[36mget\u001b[39m(\u001b[32m'/test-endpoint'\u001b[39m)\u001b[33m;\u001b[39m\u001b[22m\n\u001b[2m     \u001b[90m     |\u001b[39m                                \u001b[31m\u001b[1m^\u001b[22m\u001b[2m\u001b[39m\u001b[22m\n\u001b[2m     \u001b[90m 211 |\u001b[39m\u001b[22m\n\u001b[2m     \u001b[90m 212 |\u001b[39m       expect(result)\u001b[33m.\u001b[39mtoEqual(responseData)\u001b[33m;\u001b[39m\u001b[22m\n\u001b[2m     \u001b[90m 213 |\u001b[39m       expect(mockedAxios\u001b[33m.\u001b[39mcreate()\u001b[33m.\u001b[39m\u001b[36mget\u001b[39m)\u001b[33m.\u001b[39mtoHaveBeenCalledWith(\u001b[32m'/test-endpoint'\u001b[39m)\u001b[33m;\u001b[39m\u001b[0m\u001b[22m\n\u001b[2m\u001b[22m\n\u001b[2m      \u001b[2mat Object.<anonymous> (\u001b[22m\u001b[2m\u001b[0m\u001b[36msrc/services/__tests__/api.test.ts\u001b[39m\u001b[0m\u001b[2m:210:32)\u001b[22m\u001b[2m\u001b[22m\n\n\u001b[1m\u001b[31m  \u001b[1m● \u001b[22m\u001b[1mAPI Service › API Methods › should make POST request\u001b[39m\u001b[22m\n\n    TypeError: Cannot read properties of undefined (reading 'post')\n\u001b[2m\u001b[22m\n\u001b[2m    \u001b[0m \u001b[90m 220 |\u001b[39m\u001b[22m\n\u001b[2m     \u001b[90m 221 |\u001b[39m       \u001b[36mconst\u001b[39m api \u001b[33m=\u001b[39m require(\u001b[32m'../api'\u001b[39m)\u001b[33m.\u001b[39mapi\u001b[33m;\u001b[39m\u001b[22m\n\u001b[2m    \u001b[31m\u001b[1m>\u001b[22m\u001b[2m\u001b[39m\u001b[90m 222 |\u001b[39m       \u001b[36mconst\u001b[39m result \u001b[33m=\u001b[39m \u001b[36mawait\u001b[39m api\u001b[33m.\u001b[39mpost(\u001b[32m'/test-endpoint'\u001b[39m\u001b[33m,\u001b[39m requestData)\u001b[33m;\u001b[39m\u001b[22m\n\u001b[2m     \u001b[90m     |\u001b[39m                                \u001b[31m\u001b[1m^\u001b[22m\u001b[2m\u001b[39m\u001b[22m\n\u001b[2m     \u001b[90m 223 |\u001b[39m\u001b[22m\n\u001b[2m     \u001b[90m 224 |\u001b[39m       expect(result)\u001b[33m.\u001b[39mtoEqual(responseData)\u001b[33m;\u001b[39m\u001b[22m\n\u001b[2m     \u001b[90m 225 |\u001b[39m       expect(mockedAxios\u001b[33m.\u001b[39mcreate()\u001b[33m.\u001b[39mpost)\u001b[33m.\u001b[39mtoHaveBeenCalledWith(\u001b[32m'/test-endpoint'\u001b[39m\u001b[33m,\u001b[39m requestData)\u001b[33m;\u001b[39m\u001b[0m\u001b[22m\n\u001b[2m\u001b[22m\n\u001b[2m      \u001b[2mat Object.<anonymous> (\u001b[22m\u001b[2m\u001b[0m\u001b[36msrc/services/__tests__/api.test.ts\u001b[39m\u001b[0m\u001b[2m:222:32)\u001b[22m\u001b[2m\u001b[22m\n\n\u001b[1m\u001b[31m  \u001b[1m● \u001b[22m\u001b[1mAPI Service › API Methods › should make PUT request\u001b[39m\u001b[22m\n\n    TypeError: Cannot read properties of undefined (reading 'put')\n\u001b[2m\u001b[22m\n\u001b[2m    \u001b[0m \u001b[90m 232 |\u001b[39m\u001b[22m\n\u001b[2m     \u001b[90m 233 |\u001b[39m       \u001b[36mconst\u001b[39m api \u001b[33m=\u001b[39m require(\u001b[32m'../api'\u001b[39m)\u001b[33m.\u001b[39mapi\u001b[33m;\u001b[39m\u001b[22m\n\u001b[2m    \u001b[31m\u001b[1m>\u001b[22m\u001b[2m\u001b[39m\u001b[90m 234 |\u001b[39m       \u001b[36mconst\u001b[39m result \u001b[33m=\u001b[39m \u001b[36mawait\u001b[39m api\u001b[33m.\u001b[39mput(\u001b[32m'/test-endpoint/1'\u001b[39m\u001b[33m,\u001b[39m requestData)\u001b[33m;\u001b[39m\u001b[22m\n\u001b[2m     \u001b[90m     |\u001b[39m                                \u001b[31m\u001b[1m^\u001b[22m\u001b[2m\u001b[39m\u001b[22m\n\u001b[2m     \u001b[90m 235 |\u001b[39m\u001b[22m\n\u001b[2m     \u001b[90m 236 |\u001b[39m       expect(result)\u001b[33m.\u001b[39mtoEqual(responseData)\u001b[33m;\u001b[39m\u001b[22m\n\u001b[2m     \u001b[90m 237 |\u001b[39m       expect(mockedAxios\u001b[33m.\u001b[39mcreate()\u001b[33m.\u001b[39mput)\u001b[33m.\u001b[39mtoHaveBeenCalledWith(\u001b[32m'/test-endpoint/1'\u001b[39m\u001b[33m,\u001b[39m requestData)\u001b[33m;\u001b[39m\u001b[0m\u001b[22m\n\u001b[2m\u001b[22m\n\u001b[2m      \u001b[2mat Object.<anonymous> (\u001b[22m\u001b[2m\u001b[0m\u001b[36msrc/services/__tests__/api.test.ts\u001b[39m\u001b[0m\u001b[2m:234:32)\u001b[22m\u001b[2m\u001b[22m\n\n\u001b[1m\u001b[31m  \u001b[1m● \u001b[22m\u001b[1mAPI Service › API Methods › should make DELETE request\u001b[39m\u001b[22m\n\n    TypeError: Cannot read properties of undefined (reading 'delete')\n\u001b[2m\u001b[22m\n\u001b[2m    \u001b[0m \u001b[90m 243 |\u001b[39m\u001b[22m\n\u001b[2m     \u001b[90m 244 |\u001b[39m       \u001b[36mconst\u001b[39m api \u001b[33m=\u001b[39m require(\u001b[32m'../api'\u001b[39m)\u001b[33m.\u001b[39mapi\u001b[33m;\u001b[39m\u001b[22m\n\u001b[2m    \u001b[31m\u001b[1m>\u001b[22m\u001b[2m\u001b[39m\u001b[90m 245 |\u001b[39m       \u001b[36mconst\u001b[39m result \u001b[33m=\u001b[39m \u001b[36mawait\u001b[39m api\u001b[33m.\u001b[39m\u001b[36mdelete\u001b[39m(\u001b[32m'/test-endpoint/1'\u001b[39m)\u001b[33m;\u001b[39m\u001b[22m\n\u001b[2m     \u001b[90m     |\u001b[39m                                \u001b[31m\u001b[1m^\u001b[22m\u001b[2m\u001b[39m\u001b[22m\n\u001b[2m     \u001b[90m 246 |\u001b[39m\u001b[22m\n\u001b[2m     \u001b[90m 247 |\u001b[39m       expect(result)\u001b[33m.\u001b[39mtoEqual(responseData)\u001b[33m;\u001b[39m\u001b[22m\n\u001b[2m     \u001b[90m 248 |\u001b[39m       expect(mockedAxios\u001b[33m.\u001b[39mcreate()\u001b[33m.\u001b[39m\u001b[36mdelete\u001b[39m)\u001b[33m.\u001b[39mtoHaveBeenCalledWith(\u001b[32m'/test-endpoint/1'\u001b[39m)\u001b[33m;\u001b[39m\u001b[0m\u001b[22m\n\u001b[2m\u001b[22m\n\u001b[2m      \u001b[2mat Object.<anonymous> (\u001b[22m\u001b[2m\u001b[0m\u001b[36msrc/services/__tests__/api.test.ts\u001b[39m\u001b[0m\u001b[2m:245:32)\u001b[22m\u001b[2m\u001b[22m\n\n\u001b[1m\u001b[31m  \u001b[1m● \u001b[22m\u001b[1mAPI Service › Configuration › should use correct base URL\u001b[39m\u001b[22m\n\n    TypeError: Cannot read properties of undefined (reading 'defaults')\n\u001b[2m\u001b[22m\n\u001b[2m    \u001b[0m \u001b[90m 253 |\u001b[39m     test(\u001b[32m'should use correct base URL'\u001b[39m\u001b[33m,\u001b[39m () \u001b[33m=>\u001b[39m {\u001b[22m\n\u001b[2m     \u001b[90m 254 |\u001b[39m       \u001b[36mconst\u001b[39m expectedBaseUrl \u001b[33m=\u001b[39m \u001b[32m'http://localhost:8001/api'\u001b[39m\u001b[33m;\u001b[39m\u001b[22m\n\u001b[2m    \u001b[31m\u001b[1m>\u001b[22m\u001b[2m\u001b[39m\u001b[90m 255 |\u001b[39m       expect(api\u001b[33m.\u001b[39mdefaults\u001b[33m.\u001b[39mbaseURL)\u001b[33m.\u001b[39mtoBe(expectedBaseUrl)\u001b[33m;\u001b[39m\u001b[22m\n\u001b[2m     \u001b[90m     |\u001b[39m                  \u001b[31m\u001b[1m^\u001b[22m\u001b[2m\u001b[39m\u001b[22m\n\u001b[2m     \u001b[90m 256 |\u001b[39m     })\u001b[33m;\u001b[39m\u001b[22m\n\u001b[2m     \u001b[90m 257 |\u001b[39m\u001b[22m\n\u001b[2m     \u001b[90m 258 |\u001b[39m     test(\u001b[32m'should have correct timeout'\u001b[39m\u001b[33m,\u001b[39m () \u001b[33m=>\u001b[39m {\u001b[0m\u001b[22m\n\u001b[2m\u001b[22m\n\u001b[2m      \u001b[2mat Object.<anonymous> (\u001b[22m\u001b[2m\u001b[0m\u001b[36msrc/services/__tests__/api.test.ts\u001b[39m\u001b[0m\u001b[2m:255:18)\u001b[22m\u001b[2m\u001b[22m\n\n\u001b[1m\u001b[31m  \u001b[1m● \u001b[22m\u001b[1mAPI Service › Configuration › should have correct timeout\u001b[39m\u001b[22m\n\n    TypeError: Cannot read properties of undefined (reading 'defaults')\n\u001b[2m\u001b[22m\n\u001b[2m    \u001b[0m \u001b[90m 257 |\u001b[39m\u001b[22m\n\u001b[2m     \u001b[90m 258 |\u001b[39m     test(\u001b[32m'should have correct timeout'\u001b[39m\u001b[33m,\u001b[39m () \u001b[33m=>\u001b[39m {\u001b[22m\n\u001b[2m    \u001b[31m\u001b[1m>\u001b[22m\u001b[2m\u001b[39m\u001b[90m 259 |\u001b[39m       expect(api\u001b[33m.\u001b[39mdefaults\u001b[33m.\u001b[39mtimeout)\u001b[33m.\u001b[39mtoBe(\u001b[35m10000\u001b[39m)\u001b[33m;\u001b[39m\u001b[22m\n\u001b[2m     \u001b[90m     |\u001b[39m                  \u001b[31m\u001b[1m^\u001b[22m\u001b[2m\u001b[39m\u001b[22m\n\u001b[2m     \u001b[90m 260 |\u001b[39m     })\u001b[33m;\u001b[39m\u001b[22m\n\u001b[2m     \u001b[90m 261 |\u001b[39m\u001b[22m\n\u001b[2m     \u001b[90m 262 |\u001b[39m     test(\u001b[32m'should have correct content type'\u001b[39m\u001b[33m,\u001b[39m () \u001b[33m=>\u001b[39m {\u001b[0m\u001b[22m\n\u001b[2m\u001b[22m\n\u001b[2m      \u001b[2mat Object.<anonymous> (\u001b[22m\u001b[2m\u001b[0m\u001b[36msrc/services/__tests__/api.test.ts\u001b[39m\u001b[0m\u001b[2m:259:18)\u001b[22m\u001b[2m\u001b[22m\n\n\u001b[1m\u001b[31m  \u001b[1m● \u001b[22m\u001b[1mAPI Service › Configuration › should have correct content type\u001b[39m\u001b[22m\n\n    TypeError: Cannot read properties of undefined (reading 'defaults')\n\u001b[2m\u001b[22m\n\u001b[2m    \u001b[0m \u001b[90m 261 |\u001b[39m\u001b[22m\n\u001b[2m     \u001b[90m 262 |\u001b[39m     test(\u001b[32m'should have correct content type'\u001b[39m\u001b[33m,\u001b[39m () \u001b[33m=>\u001b[39m {\u001b[22m\n\u001b[2m    \u001b[31m\u001b[1m>\u001b[22m\u001b[2m\u001b[39m\u001b[90m 263 |\u001b[39m       expect(api\u001b[33m.\u001b[39mdefaults\u001b[33m.\u001b[39mheaders[\u001b[32m'Content-Type'\u001b[39m])\u001b[33m.\u001b[39mtoBe(\u001b[32m'application/json'\u001b[39m)\u001b[33m;\u001b[39m\u001b[22m\n\u001b[2m     \u001b[90m     |\u001b[39m                  \u001b[31m\u001b[1m^\u001b[22m\u001b[2m\u001b[39m\u001b[22m\n\u001b[2m     \u001b[90m 264 |\u001b[39m     })\u001b[33m;\u001b[39m\u001b[22m\n\u001b[2m     \u001b[90m 265 |\u001b[39m   })\u001b[33m;\u001b[39m\u001b[22m\n\u001b[2m     \u001b[90m 266 |\u001b[39m })\u001b[33m;\u001b[39m\u001b[0m\u001b[22m\n\u001b[2m\u001b[22m\n\u001b[2m      \u001b[2mat Object.<anonymous> (\u001b[22m\u001b[2m\u001b[0m\u001b[36msrc/services/__tests__/api.test.ts\u001b[39m\u001b[0m\u001b[2m:263:18)\u001b[22m\u001b[2m\u001b[22m\n","name":"/Users/domi/Documents/code/Github/CashUp/CashUp_v2/frontend/src/services/__tests__/api.test.ts","startTime":1763301859790,"status":"failed","summary":""},{"assertionResults":[{"ancestorTitles":["ProtectedRoute"],"duration":58,"failing":false,"failureDetails":[],"failureMessages":[],"fullName":"ProtectedRoute 显示加载态：loading=true","invocations":1,"location":null,"numPassingAsserts":1,"retryReasons":[],"startAt":1763301861142,"status":"passed","title":"显示加载态：loading=true"},{"ancestorTitles":["ProtectedRoute"],"duration":5,"failing":false,"failureDetails":[],"failureMessages":[],"fullName":"ProtectedRoute 未登录重定向到 /login","invocations":1,"location":null,"numPassingAsserts":2,"retryReasons":[],"startAt":1763301861201,"status":"passed","title":"未登录重定向到 /login"},{"ancestorTitles":["ProtectedRoute"],"duration":2,"failing":false,"failureDetails":[],"failureMessages":[],"fullName":"ProtectedRoute 登录后可访问受保护内容","invocations":1,"location":null,"numPassingAsserts":1,"retryReasons":[],"startAt":1763301861206,"status":"passed","title":"登录后可访问受保护内容"},{"ancestorTitles":["ProtectedRoute"],"duration":3,"failing":false,"failureDetails":[],"failureMessages":[],"fullName":"ProtectedRoute 重定向携带来源路由查询参数","invocations":1,"location":null,"numPassingAsserts":1,"retryReasons":[],"startAt":1763301861208,"status":"passed","title":"重定向携带来源路由查询参数"},{"ancestorTitles":["ProtectedRoute"],"duration":5,"failing":false,"failureDetails":[],"failureMessages":[],"fullName":"ProtectedRoute 认证状态变化后渲染受保护内容","invocations":1,"location":null,"numPassingAsserts":2,"retryReasons":[],"startAt":1763301861211,"status":"passed","title":"认证状态变化后渲染受保护内容"},{"ancestorTitles":["ProtectedRoute"],"duration":1,"failing":false,"failureDetails":[],"failureMessages":[],"fullName":"ProtectedRoute 不同子组件正常渲染","invocations":1,"location":null,"numPassingAsserts":1,"retryReasons":[],"startAt":1763301861216,"status":"passed","title":"不同子组件正常渲染"}],"endTime":1763301861218,"message":"","name":"/Users/domi/Documents/code/Github/CashUp/CashUp_v2/frontend/src/components/__tests__/ProtectedRoute.test.tsx","startTime":1763301859809,"status":"passed","summary":""},{"assertionResults":[{"ancestorTitles":["Authentication Integration Tests","Login Flow"],"duration":116,"failing":false,"failureDetails":[],"failureMessages":[],"fullName":"Authentication Integration Tests Login Flow should complete login flow successfully","invocations":1,"location":null,"numPassingAsserts":3,"retryReasons":[],"startAt":1763301861145,"status":"passed","title":"should complete login flow successfully"},{"ancestorTitles":["Authentication Integration Tests","Login Flow"],"duration":43,"failing":false,"failureDetails":[],"failureMessages":[],"fullName":"Authentication Integration Tests Login Flow should handle login failure gracefully","invocations":1,"location":null,"numPassingAsserts":3,"retryReasons":[],"startAt":1763301861261,"status":"passed","title":"should handle login failure gracefully"},{"ancestorTitles":["Authentication Integration Tests","Login Flow"],"duration":8,"failing":false,"failureDetails":[],"failureMessages":[],"fullName":"Authentication Integration Tests Login Flow should handle network errors during login","invocations":1,"location":null,"numPassingAsserts":3,"retryReasons":[],"startAt":1763301861305,"status":"passed","title":"should handle network errors during login"},{"ancestorTitles":["Authentication Integration Tests","Logout Flow"],"duration":2,"failing":false,"failureDetails":[],"failureMessages":[],"fullName":"Authentication Integration Tests Logout Flow should complete logout flow successfully","invocations":1,"location":null,"numPassingAsserts":4,"retryReasons":[],"startAt":1763301861313,"status":"passed","title":"should complete logout flow successfully"},{"ancestorTitles":["Authentication Integration Tests","Logout Flow"],"duration":4,"failing":false,"failureDetails":[],"failureMessages":[],"fullName":"Authentication Integration Tests Logout Flow should clear localStorage even if API call fails","invocations":1,"location":null,"numPassingAsserts":4,"retryReasons":[],"startAt":1763301861315,"status":"passed","title":"should clear localStorage even if API call fails"},{"ancestorTitles":["Authentication Integration Tests","Current User Fetch"],"duration":2,"failing":false,"failureDetails":[],"failureMessages":[],"fullName":"Authentication Integration Tests Current User Fetch should fetch current user successfully","invocations":1,"location":null,"numPassingAsserts":1,"retryReasons":[],"startAt":1763301861319,"status":"passed","title":"should fetch current user successfully"},{"ancestorTitles":["Authentication Integration Tests","Current User Fetch"],"duration":28,"failing":false,"failureDetails":[],"failureMessages":[],"fullName":"Authentication Integration Tests Current User Fetch should handle 401 when fetching current user","invocations":1,"location":null,"numPassingAsserts":1,"retryReasons":[],"startAt":1763301861321,"status":"passed","title":"should handle 401 when fetching current user"},{"ancestorTitles":["Authentication Integration Tests","Authentication State Persistence"],"duration":54,"failing":false,"failureDetails":[],"failureMessages":[],"fullName":"Authentication Integration Tests Authentication State Persistence should restore authentication state from localStorage","invocations":1,"location":null,"numPassingAsserts":2,"retryReasons":[],"startAt":1763301861349,"status":"passed","title":"should restore authentication state from localStorage"},{"ancestorTitles":["Authentication Integration Tests","Authentication State Persistence"],"duration":3,"failing":false,"failureDetails":[],"failureMessages":[],"fullName":"Authentication Integration Tests Authentication State Persistence should handle corrupted user data in localStorage","invocations":1,"location":null,"numPassingAsserts":2,"retryReasons":[],"startAt":1763301861403,"status":"passed","title":"should handle corrupted user data in localStorage"},{"ancestorTitles":["Authentication Integration Tests","API Integration"],"duration":1,"failing":false,"failureDetails":[],"failureMessages":[],"fullName":"Authentication Integration Tests API Integration should add auth token to API requests","invocations":1,"location":null,"numPassingAsserts":1,"retryReasons":[],"startAt":1763301861406,"status":"passed","title":"should add auth token to API requests"},{"ancestorTitles":["Authentication Integration Tests","API Integration"],"duration":11,"failing":false,"failureDetails":[],"failureMessages":[],"fullName":"Authentication Integration Tests API Integration should handle API authentication errors","invocations":1,"location":null,"numPassingAsserts":1,"retryReasons":[],"startAt":1763301861407,"status":"passed","title":"should handle API authentication errors"}],"endTime":1763301861419,"message":"","name":"/Users/domi/Documents/code/Github/CashUp/CashUp_v2/frontend/src/services/__tests__/auth-integration.test.ts","startTime":1763301859695,"status":"passed","summary":""},{"assertionResults":[{"ancestorTitles":["DashboardPage Integration Tests"],"duration":null,"failing":false,"failureDetails":[],"failureMessages":[],"fullName":"DashboardPage Integration Tests should render dashboard with user info","invocations":1,"location":null,"numPassingAsserts":0,"retryReasons":[],"startAt":1763301861581,"status":"pending","title":"should render dashboard with user info"},{"ancestorTitles":["DashboardPage Integration Tests"],"duration":null,"failing":false,"failureDetails":[],"failureMessages":[],"fullName":"DashboardPage Integration Tests should fetch account data on mount","invocations":1,"location":null,"numPassingAsserts":0,"retryReasons":[],"startAt":1763301861581,"status":"pending","title":"should fetch account data on mount"},{"ancestorTitles":["DashboardPage Integration Tests"],"duration":null,"failing":false,"failureDetails":[],"failureMessages":[],"fullName":"DashboardPage Integration Tests should handle API errors gracefully","invocations":1,"location":null,"numPassingAsserts":0,"retryReasons":[],"startAt":1763301861581,"status":"pending","title":"should handle API errors gracefully"},{"ancestorTitles":["DashboardPage Integration Tests"],"duration":null,"failing":false,"failureDetails":[],"failureMessages":[],"fullName":"DashboardPage Integration Tests should display loading state","invocations":1,"location":null,"numPassingAsserts":0,"retryReasons":[],"startAt":1763301861581,"status":"pending","title":"should display loading state"},{"ancestorTitles":["DashboardPage Integration Tests"],"duration":null,"failing":false,"failureDetails":[],"failureMessages":[],"fullName":"DashboardPage Integration Tests should show strategy management options","invocations":1,"location":null,"numPassingAsserts":0,"retryReasons":[],"startAt":1763301861581,"status":"pending","title":"should show strategy management options"},{"ancestorTitles":["DashboardPage Integration Tests"],"duration":null,"failing":false,"failureDetails":[],"failureMessages":[],"fullName":"DashboardPage Integration Tests should handle strategy state changes","invocations":1,"location":null,"numPassingAsserts":0,"retryReasons":[],"startAt":1763301861581,"status":"pending","title":"should handle strategy state changes"},{"ancestorTitles":["DashboardPage Integration Tests"],"duration":null,"failing":false,"failureDetails":[],"failureMessages":[],"fullName":"DashboardPage Integration Tests should navigate to strategy creation","invocations":1,"location":null,"numPassingAsserts":0,"retryReasons":[],"startAt":1763301861581,"status":"pending","title":"should navigate to strategy creation"},{"ancestorTitles":["DashboardPage Integration Tests"],"duration":null,"failing":false,"failureDetails":[],"failureMessages":[],"fullName":"DashboardPage Integration Tests should display market overview","invocations":1,"location":null,"numPassingAsserts":0,"retryReasons":[],"startAt":1763301861581,"status":"pending","title":"should display market overview"},{"ancestorTitles":["DashboardPage Integration Tests"],"duration":null,"failing":false,"failureDetails":[],"failureMessages":[],"fullName":"DashboardPage Integration Tests should handle real-time updates","invocations":1,"location":null,"numPassingAsserts":0,"retryReasons":[],"startAt":1763301861581,"status":"pending","title":"should handle real-time updates"},{"ancestorTitles":["DashboardPage Integration Tests"],"duration":null,"failing":false,"failureDetails":[],"failureMessages":[],"fullName":"DashboardPage Integration Tests should show performance metrics","invocations":1,"location":null,"numPassingAsserts":0,"retryReasons":[],"startAt":1763301861581,"status":"pending","title":"should show performance metrics"},{"ancestorTitles":["DashboardPage Integration Tests"],"duration":null,"failing":false,"failureDetails":[],"failureMessages":[],"fullName":"DashboardPage Integration Tests should handle logout functionality","invocations":1,"location":null,"numPassingAsserts":0,"retryReasons":[],"startAt":1763301861581,"status":"pending","title":"should handle logout functionality"},{"ancestorTitles":["DashboardPage Integration Tests"],"duration":null,"failing":false,"failureDetails":[],"failureMessages":[],"fullName":"DashboardPage Integration Tests should display responsive layout","invocations":1,"location":null,"numPassingAsserts":0,"retryReasons":[],"startAt":1763301861581,"status":"pending","title":"should display responsive layout"},{"ancestorTitles":["DashboardPage Integration Tests"],"duration":null,"failing":false,"failureDetails":[],"failureMessages":[],"fullName":"DashboardPage Integration Tests should handle offline status","invocations":1,"location":null,"numPassingAsserts":0,"retryReasons":[],"startAt":1763301861581,"status":"pending","title":"should handle offline status"},{"ancestorTitles":["DashboardPage Integration Tests"],"duration":null,"failing":false,"failureDetails":[],"failureMessages":[],"fullName":"DashboardPage Integration Tests should support dark mode","invocations":1,"location":null,"numPassingAsserts":0,"retryReasons":[],"startAt":1763301861581,"status":"pending","title":"should support dark mode"}],"coverage":{},"endTime":1763301864004,"message":"","name":"/Users/domi/Documents/code/Github/CashUp/CashUp_v2/frontend/src/pages/__tests__/DashboardPage-integration.test.tsx","startTime":1763301864004,"status":"skipped","summary":""},{"assertionResults":[{"ancestorTitles":["App Integration Tests"],"duration":null,"failing":false,"failureDetails":[],"failureMessages":[],"fullName":"App Integration Tests 未登录时重定向到登录页","invocations":1,"location":null,"numPassingAsserts":0,"retryReasons":[],"startAt":1763301861582,"status":"pending","title":"未登录时重定向到登录页"},{"ancestorTitles":["App Integration Tests"],"duration":null,"failing":false,"failureDetails":[],"failureMessages":[],"fullName":"App Integration Tests 登录后显示欢迎信息","invocations":1,"location":null,"numPassingAsserts":0,"retryReasons":[],"startAt":1763301861583,"status":"pending","title":"登录后显示欢迎信息"},{"ancestorTitles":["App Integration Tests"],"duration":null,"failing":false,"failureDetails":[],"failureMessages":[],"fullName":"App Integration Tests 显示加载中状态","invocations":1,"location":null,"numPassingAsserts":0,"retryReasons":[],"startAt":1763301861583,"status":"pending","title":"显示加载中状态"},{"ancestorTitles":["App Integration Tests"],"duration":null,"failing":false,"failureDetails":[],"failureMessages":[],"fullName":"App Integration Tests 处理路由导航","invocations":1,"location":null,"numPassingAsserts":0,"retryReasons":[],"startAt":1763301861583,"status":"pending","title":"处理路由导航"},{"ancestorTitles":["App Integration Tests"],"duration":null,"failing":false,"failureDetails":[],"failureMessages":[],"fullName":"App Integration Tests 受保护路由在未登录时重定向","invocations":1,"location":null,"numPassingAsserts":0,"retryReasons":[],"startAt":1763301861583,"status":"pending","title":"受保护路由在未登录时重定向"},{"ancestorTitles":["App Integration Tests"],"duration":null,"failing":false,"failureDetails":[],"failureMessages":[],"fullName":"App Integration Tests 保留路由状态","invocations":1,"location":null,"numPassingAsserts":0,"retryReasons":[],"startAt":1763301861583,"status":"pending","title":"保留路由状态"},{"ancestorTitles":["App Integration Tests"],"duration":null,"failing":false,"failureDetails":[],"failureMessages":[],"fullName":"App Integration Tests 未知路由重定向到登录页","invocations":1,"location":null,"numPassingAsserts":0,"retryReasons":[],"startAt":1763301861583,"status":"pending","title":"未知路由重定向到登录页"},{"ancestorTitles":["App Integration Tests"],"duration":null,"failing":false,"failureDetails":[],"failureMessages":[],"fullName":"App Integration Tests 处理退出登录","invocations":1,"location":null,"numPassingAsserts":0,"retryReasons":[],"startAt":1763301861583,"status":"pending","title":"处理退出登录"},{"ancestorTitles":["App Integration Tests"],"duration":null,"failing":false,"failureDetails":[],"failureMessages":[],"fullName":"App Integration Tests 处理 API 错误","invocations":1,"location":null,"numPassingAsserts":0,"retryReasons":[],"startAt":1763301861583,"status":"pending","title":"处理 API 错误"},{"ancestorTitles":["App Integration Tests"],"duration":null,"failing":false,"failureDetails":[],"failureMessages":[],"fullName":"App Integration Tests 处理网络错误","invocations":1,"location":null,"numPassingAsserts":0,"retryReasons":[],"startAt":1763301861583,"status":"pending","title":"处理网络错误"},{"ancestorTitles":["App Integration Tests"],"duration":null,"failing":false,"failureDetails":[],"failureMessages":[],"fullName":"App Integration Tests 支持基础 i18n 展示","invocations":1,"location":null,"numPassingAsserts":0,"retryReasons":[],"startAt":1763301861583,"status":"pending","title":"支持基础 i18n 展示"},{"ancestorTitles":["App Integration Tests"],"duration":null,"failing":false,"failureDetails":[],"failureMessages":[],"fullName":"App Integration Tests 主题为暗色菜单","invocations":1,"location":null,"numPassingAsserts":0,"retryReasons":[],"startAt":1763301861583,"status":"pending","title":"主题为暗色菜单"},{"ancestorTitles":["App Integration Tests"],"duration":null,"failing":false,"failureDetails":[],"failureMessages":[],"fullName":"App Integration Tests 处理响应式布局","invocations":1,"location":null,"numPassingAsserts":0,"retryReasons":[],"startAt":1763301861583,"status":"pending","title":"处理响应式布局"},{"ancestorTitles":["App Integration Tests"],"duration":null,"failing":false,"failureDetails":[],"failureMessages":[],"fullName":"App Integration Tests 处理离线模式","invocations":1,"location":null,"numPassingAsserts":0,"retryReasons":[],"startAt":1763301861583,"status":"pending","title":"处理离线模式"},{"ancestorTitles":["App Integration Tests"],"duration":null,"failing":false,"failureDetails":[],"failureMessages":[],"fullName":"App Integration Tests 处理认证超时","invocations":1,"location":null,"numPassingAsserts":0,"retryReasons":[],"startAt":1763301861583,"status":"pending","title":"处理认证超时"},{"ancestorTitles":["App Integration Tests"],"duration":null,"failing":false,"failureDetails":[],"failureMessages":[],"fullName":"App Integration Tests 受保护路由重定向","invocations":1,"location":null,"numPassingAsserts":0,"retryReasons":[],"startAt":1763301861583,"status":"pending","title":"受保护路由重定向"},{"ancestorTitles":["App Integration Tests"],"duration":null,"failing":false,"failureDetails":[],"failureMessages":[],"fullName":"App Integration Tests 认证状态变化","invocations":1,"location":null,"numPassingAsserts":0,"retryReasons":[],"startAt":1763301861583,"status":"pending","title":"认证状态变化"}],"coverage":{},"endTime":1763301864004,"message":"","name":"/Users/domi/Documents/code/Github/CashUp/CashUp_v2/frontend/src/__tests__/app-integration.test.tsx","startTime":1763301864004,"status":"skipped","summary":""},{"assertionResults":[{"ancestorTitles":["LoginPage Integration Tests"],"duration":222,"failing":false,"failureDetails":[],"failureMessages":[],"fullName":"LoginPage Integration Tests should render login form correctly","invocations":1,"location":null,"numPassingAsserts":4,"retryReasons":[],"startAt":1763301861573,"status":"passed","title":"should render login form correctly"},{"ancestorTitles":["LoginPage Integration Tests"],"duration":269,"failing":false,"failureDetails":[],"failureMessages":[],"fullName":"LoginPage Integration Tests should handle form submission","invocations":1,"location":null,"numPassingAsserts":1,"retryReasons":[],"startAt":1763301861795,"status":"passed","title":"should handle form submission"},{"ancestorTitles":["LoginPage Integration Tests"],"duration":1127,"failing":false,"failureDetails":[],"failureMessages":[],"fullName":"LoginPage Integration Tests should show loading state during login","invocations":1,"location":null,"numPassingAsserts":2,"retryReasons":[],"startAt":1763301862064,"status":"passed","title":"should show loading state during login"},{"ancestorTitles":["LoginPage Integration Tests"],"duration":155,"failing":false,"failureDetails":[],"failureMessages":[],"fullName":"LoginPage Integration Tests should display error message on login failure","invocations":1,"location":null,"numPassingAsserts":1,"retryReasons":[],"startAt":1763301863191,"status":"passed","title":"should display error message on login failure"},{"ancestorTitles":["LoginPage Integration Tests"],"duration":140,"failing":false,"failureDetails":[],"failureMessages":[],"fullName":"LoginPage Integration Tests should validate form inputs","invocations":1,"location":null,"numPassingAsserts":0,"retryReasons":[],"startAt":1763301863347,"status":"passed","title":"should validate form inputs"},{"ancestorTitles":["LoginPage Integration Tests"],"duration":72,"failing":false,"failureDetails":[],"failureMessages":[],"fullName":"LoginPage Integration Tests should switch to register tab when clicking register","invocations":1,"location":null,"numPassingAsserts":1,"retryReasons":[],"startAt":1763301863487,"status":"passed","title":"should switch to register tab when clicking register"},{"ancestorTitles":["LoginPage Integration Tests"],"duration":null,"failing":false,"failureDetails":[],"failureMessages":[],"fullName":"LoginPage Integration Tests should navigate to forgot password page when clicking forgot password link","invocations":1,"location":null,"numPassingAsserts":0,"retryReasons":[],"startAt":1763301863559,"status":"pending","title":"should navigate to forgot password page when clicking forgot password link"},{"ancestorTitles":["LoginPage Integration Tests"],"duration":79,"failing":false,"failureDetails":[],"failureMessages":[],"fullName":"LoginPage Integration Tests should call login on successful submission","invocations":1,"location":null,"numPassingAsserts":1,"retryReasons":[],"startAt":1763301863559,"status":"passed","title":"should call login on successful submission"},{"ancestorTitles":["LoginPage Integration Tests"],"duration":129,"failing":false,"failureDetails":[],"failureMessages":[],"fullName":"LoginPage Integration Tests should handle remember me functionality","invocations":1,"location":null,"numPassingAsserts":1,"retryReasons":[],"startAt":1763301863638,"status":"passed","title":"should handle remember me functionality"},{"ancestorTitles":["LoginPage Integration Tests"],"duration":42,"failing":false,"failureDetails":[],"failureMessages":[],"fullName":"LoginPage Integration Tests should render password input","invocations":1,"location":null,"numPassingAsserts":2,"retryReasons":[],"startAt":1763301863767,"status":"passed","title":"should render password input"},{"ancestorTitles":["LoginPage Integration Tests"],"duration":60,"failing":false,"failureDetails":[],"failureMessages":[],"fullName":"LoginPage Integration Tests should handle keyboard shortcuts","invocations":1,"location":null,"numPassingAsserts":1,"retryReasons":[],"startAt":1763301863809,"status":"passed","title":"should handle keyboard shortcuts"},{"ancestorTitles":["LoginPage Integration Tests"],"duration":71,"failing":false,"failureDetails":[],"failureMessages":[],"fullName":"LoginPage Integration Tests should support social login options","invocations":1,"location":null,"numPassingAsserts":1,"retryReasons":[],"startAt":1763301863869,"status":"passed","title":"should support social login options"}],"endTime":1763301863941,"message":"","name":"/Users/domi/Documents/code/Github/CashUp/CashUp_v2/frontend/src/pages/__tests__/LoginPage-integration.test.tsx","startTime":1763301859715,"status":"focused","summary":""}],"wasInterrupted":false}
